/BATCH  
/COM,ANSYS RELEASE 2023 R2           BUILD 23.2      UP20230531       20:10:58
RESUME,'2D_EyeBolt','db','Desktop/Senior Year/Fall Semester/ComputationalStructuralAnalysis_4502/Final Project' 
/COM,ANSYS RELEASE 2023 R2           BUILD 23.2      UP20230531       20:10:58
/REPLOT,RESIZE  
LPLOT   
/SOLU   
FINISH  
/PREP7  
!*  
LDIV,22, , ,12,0
!*  
ET,1,PLANE183   
!*  
KEYOPT,1,1,1
KEYOPT,1,3,3
KEYOPT,1,6,0
!*  
!*  
R,1,0.0875, 
!*  
!*  
MPTEMP,,,,,,,,  
MPTEMP,1,0  
MPDATA,EX,1,,3e7
MPDATA,PRXY,1,,0.3  
FLST,2,1,4,ORDE,1   
FITEM,2,16  
!*  
/GO 
DL,P51X, ,ALL,0 
FLST,2,2,4,ORDE,2   
FITEM,2,5   
FITEM,2,7   
/GO 
!*  
SFL,P51X,PRES,3000, 
SAVE
SAVE
FINISH  
/SOL
/STATUS,SOLU
SOLVE   
FINISH  
/PREP7  
MSHKEY,0
CM,_Y,AREA  
ASEL, , , ,       2 
CM,_Y1,AREA 
CHKMSH,'AREA'   
CMSEL,S,_Y  
!*  
AMESH,_Y1   
!*  
CMDELE,_Y   
CMDELE,_Y1  
CMDELE,_Y2  
!*  
FLST,5,13,4,ORDE,9  
FITEM,5,1   
FITEM,5,-5  
FITEM,5,7   
FITEM,5,-9  
FITEM,5,11  
FITEM,5,13  
FITEM,5,15  
FITEM,5,17  
FITEM,5,22  
CM,_Y,LINE  
LSEL, , , ,P51X 
CM,_Y1,LINE 
CMSEL,S,_Y  
CMDELE,_Y   
!*  
!*  
LREFINE,_Y1, , ,1,1,1,1 
CMDELE,_Y1  
!*  
SAVE
SAVE
FINISH  
/SOL
/STATUS,SOLU
SOLVE   
FINISH  
/POST1  
SET,FIRST   
!*  
PLESOL, S,Y, 0,1.0  
!*  
/EFACET,1   
PLNSOL, U,SUM, 0,1.0
FINISH  
/PREP7  
!*  
R,1,0.3,
!*  
FINISH  
/SOL
/STATUS,SOLU
SOLVE   
/REPLOT 
FINISH  
/POST1  
SET,FIRST   
!*  
PLESOL, S,Y, 0,1.0  
FINISH  
/SOL
FINISH  
/PREP7  
!*  
ET,2,SOLID187   
!*  
ETDEL,2 
!*  
FLST,2,2,4,ORDE,2   
FITEM,2,5   
FITEM,2,7   
SFLDELE,P51X,PRES   
LPLOT   
FLST,2,2,4,ORDE,2   
FITEM,2,5   
FITEM,2,7   
/GO 
!*  
SFL,P51X,PRES,6000, 
FINISH  
/SOL
/STATUS,SOLU
SOLVE   
FINISH  
/POST1  
SET,FIRST   
!*  
PLESOL, S,Y, 0,1.0  
/BATCH  
/COM,ANSYS RELEASE 2023 R2           BUILD 23.2      UP20230531       20:38:51
RESUME,'2D_EyeBolt','db','Desktop/Senior Year/Fall Semester/ComputationalStructuralAnalysis_4502/Final Project' 
/COM,ANSYS RELEASE 2023 R2           BUILD 23.2      UP20230531       20:38:51
RESUME,'2D_EyeBolt','db','.'
/COM,ANSYS RELEASE 2023 R2           BUILD 23.2      UP20230531       20:40:30
/REPLOT,RESIZE  
/SOLU   
FINISH  
/PREP7  
!*  
ET,2,SHELL281   
!*  
ACLEAR,       2 
LPLOT   
!*  
ETDEL,1 
!*  
KEYOPT,2,1,2
KEYOPT,2,5,0
KEYOPT,2,8,0
KEYOPT,2,9,0
KEYOPT,2,10,0   
KEYOPT,2,11,0   
!*  
FINISH  
/SOL
FINISH  
/PREP7  
MSHKEY,0
CM,_Y,AREA  
ASEL, , , ,       2 
CM,_Y1,AREA 
CHKMSH,'AREA'   
CMSEL,S,_Y  
!*  
AMESH,_Y1   
!*  
CMDELE,_Y   
CMDELE,_Y1  
CMDELE,_Y2  
!*  
FINISH  
/SOL
/STATUS,SOLU
SOLVE   
FINISH  
/POST1  
SET,FIRST   
!*  
PLESOL, S,Y, 0,1.0  
FINISH  
/PREP7  
ACLEAR,       2 
LPLOT   
!*  
ETDEL,2 
!*  
ET,1,SOLID187   
!*  
KEYOPT,1,6,0
MSHKEY,0
CM,_Y,AREA  
ASEL, , , ,       2 
CM,_Y1,AREA 
CHKMSH,'AREA'   
CMSEL,S,_Y  
!*  
AMESH,_Y1   
!*  
CMDELE,_Y   
CMDELE,_Y1  
CMDELE,_Y2  
!*  
!*  
ETDEL,1 
!*  
FINISH  
/FILNAME,EyeBoltFirst,1 
/BATCH  
/COM,ANSYS RELEASE 2023 R2           BUILD 23.2      UP20230531       22:51:56
RESUME,'2D_EyeBolt','db','.'
/COM,ANSYS RELEASE 2023 R2           BUILD 23.2      UP20230531       22:51:56
/SOLU   
!*  
/PSF,PRES,NORM,1,0,1
/PBF,DEFA, ,1   
/PSYMB,CS,0 
/PSYMB,NDIR,0   
/PSYMB,ESYS,0   
/PSYMB,LDIV,0   
/PSYMB,LDIR,0   
/PSYMB,ADIR,0   
/PSYMB,ECON,0   
/PSYMB,XNODE,0  
/PSYMB,DOT,1
/PSYMB,PCONV,   
/PSYMB,LAYR,0   
/PSYMB,FBCS,0   
!*  
/PBC,ALL, ,1
/REP
!*  
FLST,2,2,4,ORDE,2   
FITEM,2,5   
FITEM,2,7   
/GO 
!*  
SFL,P51X,PRES,363.78,   
/STATUS,SOLU
SOLVE   
FINISH  
/PREP7  
FINISH  
/SOL
FINISH  
/POST1  
SET,FIRST   
!*  
PLESOL, S,Y, 0,1.0  
!*  
PLESOL, EPEL,Y, 0,1.0   
!*  
PLESOL, EPEL,X, 0,1.0   
!*  
PLESOL, EPEL,Y, 0,1.0   
SAVE
SAVE
FINISH  
/FILNAME,EyeBoltFirst,1 
/BATCH  
/COM,ANSYS RELEASE 2023 R2           BUILD 23.2      UP20230531       01:13:26
RESUME,'2D_EyeBolt','db','.'
/COM,ANSYS RELEASE 2023 R2           BUILD 23.2      UP20230531       01:13:26
!*  
/PSF,PRES,NORM,1,0,1
/PBF,DEFA, ,1   
/PSYMB,CS,0 
/PSYMB,NDIR,0   
/PSYMB,ESYS,0   
/PSYMB,LDIV,0   
/PSYMB,LDIR,0   
/PSYMB,ADIR,0   
/PSYMB,ECON,0   
/PSYMB,XNODE,0  
/PSYMB,DOT,1
/PSYMB,PCONV,   
/PSYMB,LAYR,0   
/PSYMB,FBCS,0   
!*  
/PBC,ALL, ,1
/REP
!*  
/SOLU   
!*  
/PSF,PRES,NORM,2,0,1
/PBF,DEFA, ,1   
/PSYMB,CS,0 
/PSYMB,NDIR,0   
/PSYMB,ESYS,0   
/PSYMB,LDIV,0   
/PSYMB,LDIR,0   
/PSYMB,ADIR,0   
/PSYMB,ECON,0   
/PSYMB,XNODE,0  
/PSYMB,DOT,1
/PSYMB,PCONV,   
/PSYMB,LAYR,0   
/PSYMB,FBCS,0   
!*  
/PBC,ALL, ,1
/REP
!*  
/UI,COPY,SAVE,PNG,GRAPH,COLOR,NORM,LANDSCAPE,YES
/STATUS,SOLU
SOLVE   
FINISH  
/POST1  
SET,FIRST   
PLDISP,1
PLDISP,2
PLDISP,0
!*  
/EFACET,1   
PLNSOL, U,SUM, 0,1.0
/UI,COPY,SAVE,PNG,GRAPH,COLOR,NORM,LANDSCAPE,YES
!*  
PLESOL, S,X, 0,1.0  
/UI,COPY,SAVE,PNG,GRAPH,COLOR,NORM,PORTRAIT,YES 
!*  
PLESOL, S,Y, 0,1.0  
/UI,COPY,SAVE,PNG,GRAPH,COLOR,NORM,PORTRAIT,YES 
!*  
PLESOL, EPEL,Y, 0,1.0   
/UI,COPY,SAVE,PNG,GRAPH,COLOR,NORM,PORTRAIT,YES 
!*  
PLESOL, EPEL,X, 0,1.0   
/UI,COPY,SAVE,PNG,GRAPH,COLOR,NORM,PORTRAIT,YES 
!*  
PLESOL, S,1, 0,1.0  
FINISH  
/SOL
FINISH  
/PREP7  
LPLOT   
FLST,2,2,4,ORDE,2   
FITEM,2,5   
FITEM,2,7   
SFLDELE,P51X,PRES   
FLST,2,2,4,ORDE,2   
FITEM,2,4   
FITEM,2,-5  
/GO 
!*  
SFL,P51X,PRES,363.785,  
/REPLOT 
APLOT   
VPLOT   
APLOT   
FINISH  
/SOL
/STATUS,SOLU
SOLVE   
/REPLOT 
/REPLOT 
LPLOT   
/STATUS,SOLU
SOLVE   
FINISH  
/POST1  
SET,FIRST   
PLDISP,0
!*  
/PSF,DEFA, ,1,0,1   
/PBF,DEFA, ,1   
/PSYMB,CS,0 
/PSYMB,NDIR,0   
/PSYMB,ESYS,0   
/PSYMB,LDIV,0   
/PSYMB,LDIR,0   
/PSYMB,ADIR,0   
/PSYMB,ECON,0   
/PSYMB,XNODE,0  
/PSYMB,DOT,1
/PSYMB,PCONV,   
/PSYMB,LAYR,0   
/PSYMB,FBCS,0   
!*  
/PBC,ALL, ,1
/REP
!*  
!*  
/PSF,PRES,NORM,2,0,1
/PBF,DEFA, ,1   
/PSYMB,CS,0 
/PSYMB,NDIR,0   
/PSYMB,ESYS,0   
/PSYMB,LDIV,0   
/PSYMB,LDIR,0   
/PSYMB,ADIR,0   
/PSYMB,ECON,0   
/PSYMB,XNODE,0  
/PSYMB,DOT,1
/PSYMB,PCONV,   
/PSYMB,LAYR,0   
/PSYMB,FBCS,0   
!*  
/PBC,ALL, ,1
/REP
!*  
/UI,COPY,SAVE,PNG,GRAPH,COLOR,NORM,PORTRAIT,YES 
!*  
/EFACET,1   
PLNSOL, U,SUM, 0,1.0
/REPLOT 
!*  
/PSF,PRES,NORM,2,0,1
/PBF,DEFA, ,1   
/PSYMB,CS,0 
/PSYMB,NDIR,0   
/PSYMB,ESYS,0   
/PSYMB,LDIV,0   
/PSYMB,LDIR,0   
/PSYMB,ADIR,0   
/PSYMB,ECON,0   
/PSYMB,XNODE,0  
/PSYMB,DOT,1
/PSYMB,PCONV,   
/PSYMB,LAYR,0   
/PSYMB,FBCS,0   
!*  
/PBC,ALL, ,0
/REP
!*  
/UI,COPY,SAVE,PNG,GRAPH,COLOR,NORM,PORTRAIT,YES 
!*  
PLESOL, S,X, 0,1.0  
/UI,COPY,SAVE,PNG,GRAPH,COLOR,NORM,PORTRAIT,YES 
!*  
PLESOL, S,Y, 0,1.0  
/UI,COPY,SAVE,PNG,GRAPH,COLOR,NORM,PORTRAIT,YES 
!*  
PLESOL, EPEL,X, 0,1.0   
/UI,COPY,SAVE,PNG,GRAPH,COLOR,NORM,PORTRAIT,YES 
!*  
PLESOL, EPEL,Y, 0,1.0   
/UI,COPY,SAVE,PNG,GRAPH,COLOR,NORM,PORTRAIT,YES 
LPLOT   
FINISH  
/SOL
FLST,2,2,4,ORDE,2   
FITEM,2,4   
FITEM,2,-5  
SFLDELE,P51X,PRES   
FLST,2,2,4,ORDE,2   
FITEM,2,3   
FITEM,2,-4  
/GO 
!*  
SFL,P51X,PRES,363.785,  
/STATUS,SOLU
SOLVE   
FINISH  
/POST1  
PLDISP,0
/UI,COPY,SAVE,PNG,GRAPH,COLOR,NORM,PORTRAIT,YES 
!*  
/EFACET,1   
PLNSOL, U,SUM, 0,1.0
/UI,COPY,SAVE,PNG,GRAPH,COLOR,NORM,PORTRAIT,YES 
!*  
PLESOL, S,X, 0,1.0  
/UI,COPY,SAVE,PNG,GRAPH,COLOR,NORM,PORTRAIT,YES 
!*  
PLESOL, S,Y, 0,1.0  
/UI,COPY,SAVE,PNG,GRAPH,COLOR,NORM,PORTRAIT,YES 
!*  
PLESOL, EPEL,X, 0,1.0   
/UI,COPY,SAVE,PNG,GRAPH,COLOR,NORM,PORTRAIT,YES 
!*  
PLESOL, EPEL,Y, 0,1.0   
/UI,COPY,SAVE,PNG,GRAPH,COLOR,NORM,PORTRAIT,YES 
FINISH  
/SOL
LPLOT   
FLST,2,2,4,ORDE,2   
FITEM,2,3   
FITEM,2,-4  
SFLDELE,P51X,PRES   
FLST,2,2,4,ORDE,2   
FITEM,2,2   
FITEM,2,-3  
/GO 
!*  
SFL,P51X,PRES,363.785,  
/STATUS,SOLU
SOLVE   
FINISH  
/POST1  
SET,FIRST   
PLDISP,0
/UI,COPY,SAVE,PNG,GRAPH,COLOR,NORM,PORTRAIT,YES 
!*  
/EFACET,1   
PLNSOL, U,SUM, 0,1.0
/UI,COPY,SAVE,PNG,GRAPH,COLOR,NORM,PORTRAIT,YES 
!*  
PLESOL, S,X, 0,1.0  
/UI,COPY,SAVE,PNG,GRAPH,COLOR,NORM,PORTRAIT,YES 
!*  
PLESOL, S,Y, 0,1.0  
/UI,COPY,SAVE,PNG,GRAPH,COLOR,NORM,PORTRAIT,YES 
!*  
PLESOL, EPEL,X, 0,1.0   
/UI,COPY,SAVE,PNG,GRAPH,COLOR,NORM,PORTRAIT,YES 
!*  
PLESOL, EPEL,Y, 0,1.0   
/UI,COPY,SAVE,PNG,GRAPH,COLOR,NORM,PORTRAIT,YES 
!*  
PLESOL, EPEL,XY, 0,1.0  
!*  
PLESOL, S,XY, 0,1.0 
!*  
PLESOL, S,YZ, 0,1.0 
!*  
PLESOL, S,XZ, 0,1.0 
!*  
PLESOL, S,1, 0,1.0  
!*  
PLESOL, S,2, 0,1.0  
!*  
PLESOL, S,3, 0,1.0  
FINISH  
! /EXIT,NOSAV   
