/BATCH  
/COM,ANSYS RELEASE 2023 R2           BUILD 23.2      UP20230531       22:40:16
RESUME,'EyeBoltFirst','db','Desktop/Senior Year/Fall Semester/ComputationalStructuralAnalysis_4502/Final Project'   
/COM,ANSYS RELEASE 2023 R2           BUILD 23.2      UP20230531       22:40:16
LPLOT   
APLOT   
/DIST, 1 ,1.082226,1
/REP,FAST   
/DIST, 1 ,1.082226,1
/REP,FAST   
/DIST, 1 ,1.082226,1
/REP,FAST   
/DIST, 1 ,1.082226,1
/REP,FAST   
/DIST, 1 ,1.082226,1
/REP,FAST   
/DIST, 1 ,1.082226,1
/REP,FAST   
/DIST, 1 ,1.082226,1
/REP,FAST   
/DIST, 1 ,1.082226,1
/REP,FAST   
/DIST, 1 ,1.082226,1
/REP,FAST   
/VIEW,  1, -0.136067250689    , -0.819172477545    , -0.557173362001
/ANG,   1,   9.55027601944  
/REPLO  
/PREP7  
NUMMRG,ALL, ,0.005, ,LOW
VPLOT   
/VIEW,  1, -0.201839149624    , -0.235173051058    , -0.950765267421
/ANG,   1,   10.5057288717  
/REPLO  
/VIEW,  1, -0.254058490707    , -0.650033359541E-02, -0.967167011929
/ANG,   1,   10.1655121416  
/REPLO  
/VIEW,  1, -0.453716775699    ,  0.246953625337    , -0.856244704732
/ANG,   1,   11.2142193970  
/REPLO  
/VIEW,  1, -0.176527030823    ,  0.159783070493    , -0.971240226603
/ANG,   1,   7.54771593490  
/REPLO  
VDELE,       1  
LPLOT   
FLST,2,35,5,ORDE,4  
FITEM,2,2   
FITEM,2,-26 
FITEM,2,28  
FITEM,2,-37 
VA,P51X 
SAVE
SAVE
MSHKEY,0
MSHAPE,1,3d 
!*  
ET,1,SOLID187   
!*  
KEYOPT,1,6,0
!*  
MPTEMP,,,,,,,,  
MPTEMP,1,0  
MPDATA,EX,1,,3e7
MPDATA,PRXY,1,,0.3  
MSHKEY,0
MSHAPE,1,3d 
CM,_Y,VOLU  
VSEL, , , ,       1 
CM,_Y1,VOLU 
CHKMSH,'VOLU'   
CMSEL,S,_Y  
!*  
VMESH,_Y1   
!*  
CMDELE,_Y   
CMDELE,_Y1  
CMDELE,_Y2  
!*  
/VIEW,  1, -0.205745758990    , -0.133591112463    , -0.969444220844
/ANG,   1,   7.63738319135  
/REPLO  
/VIEW,  1, -0.242680328481    , -0.531895864150    , -0.811290976080
/ANG,   1,   6.89120374019  
/REPLO  
FLST,2,1,5,ORDE,1   
FITEM,2,24  
!*  
/GO 
DA,P51X,ALL,0   
APLOT   
/DIST, 1 ,0.924021,1
/REP,FAST   
/DIST, 1 ,0.924021,1
/REP,FAST   
/DIST, 1 ,0.924021,1
/REP,FAST   
/DIST, 1 ,0.924021,1
/REP,FAST   
/DIST, 1 ,0.924021,1
/REP,FAST   
/DIST, 1 ,0.924021,1
/REP,FAST   
/DIST, 1 ,0.924021,1
/REP,FAST   
/DIST, 1 ,0.924021,1
/REP,FAST   
/DIST, 1 ,0.924021,1
/REP,FAST   
/DIST, 1 ,0.924021,1
/REP,FAST   
/DIST, 1 ,0.924021,1
/REP,FAST   
/DIST, 1 ,0.924021,1
/REP,FAST   
/DIST, 1 ,0.924021,1
/REP,FAST   
/DIST, 1 ,0.924021,1
/REP,FAST   
/DIST, 1 ,0.924021,1
/REP,FAST   
/DIST, 1 ,0.924021,1
/REP,FAST   
SAVE
/VIEW,  1, -0.160582610844    , -0.321827467686    , -0.933081082295
/ANG,   1,   9.77764140751  
/REPLO  
/VIEW,1,,,1 
/ANG,1  
/REP,FAST   
/DIST, 1 ,1.082226,1
/REP,FAST   
/DIST, 1 ,1.082226,1
/REP,FAST   
/DIST, 1 ,0.924021,1
/REP,FAST   
/VIEW,  1,  0.197655507170    , -0.102545954679E-01,  0.980217906262
/ANG,   1, -0.137503073093  
/REPLO  
/VIEW,  1, -0.672349807567E-02, -0.154426568887E-02,  0.999976204625
/ANG,   1,   2.02800422448  
/REPLO  
/VIEW,  1,  0.141590292791    , -0.304864678632    ,  0.941811932771
/ANG,   1,  0.756762206732  
/REPLO  
/VIEW,  1,  0.120146611905    , -0.883553772375    ,  0.452656075812
/ANG,   1,   14.5485920205  
/REPLO  
/DIST, 1 ,0.924021,1
/REP,FAST   
/DIST, 1 ,1.082226,1
/REP,FAST   
/DIST, 1 ,0.924021,1
/REP,FAST   
/DIST, 1 ,0.924021,1
/REP,FAST   
/DIST, 1 ,0.924021,1
/REP,FAST   
/DIST, 1 ,1.082226,1
/REP,FAST   
/DIST, 1 ,1.082226,1
/REP,FAST   
/DIST, 1 ,1.082226,1
/REP,FAST   
/DIST, 1 ,1.082226,1
/REP,FAST   
/DIST, 1 ,1.082226,1
/REP,FAST   
/REPLOT,RESIZE  
/VIEW,  1,  0.658110760968E-02, -0.717734916451    , -0.696285342895
/ANG,   1,   6.89009475678  
/REPLO  
/DIST, 1 ,0.924021,1
/REP,FAST   
/DIST, 1 ,0.924021,1
/REP,FAST   
/DIST, 1 ,0.924021,1
/REP,FAST   
/DIST, 1 ,0.924021,1
/REP,FAST   
/DIST, 1 ,0.924021,1
/REP,FAST   
/DIST, 1 ,0.924021,1
/REP,FAST   
/DIST, 1 ,0.924021,1
/REP,FAST   
/VIEW,  1, -0.278063106639E-01, -0.631078130894    , -0.775220743914
/ANG,   1,   5.11437210851  
/REPLO  
/VIEW,  1, -0.275953028284E-02, -0.836781772227    , -0.547529588846
/ANG,   1,   6.44305479581  
/REPLO  
/VIEW,  1,  0.279513044469E-01, -0.962874419524    , -0.268498746379
/ANG,   1,   12.2649437957  
/REPLO  
/VIEW,  1,  0.855788638882E-02, -0.939756064184    , -0.341738646351
/ANG,   1,   7.94427657218  
/REPLO  
FLST,2,4,5,ORDE,4   
FITEM,2,11  
FITEM,2,-12 
FITEM,2,32  
FITEM,2,-33 
/GO 
SAVE
SAVE
FLST,2,4,5,ORDE,4   
FITEM,2,11  
FITEM,2,-12 
FITEM,2,32  
FITEM,2,-33 
/GO 
!*  
SFA,P51X,1,PRES,3000
/VIEW,  1, -0.422789619575E-01, -0.691185321397    , -0.721439769392
/ANG,   1,   3.56875162792  
/REPLO  
/VIEW,  1,  0.254148251975E-01, -0.162033227441    , -0.986457966598
/ANG,   1,   5.94184618799  
/REPLO  
/VIEW,  1,  0.810805702103E-01, -0.208983592895E-01, -0.996488434310
/ANG,   1,   10.7757883560  
/REPLO  
/VIEW,  1,  0.472515468831    ,  0.565195214308E-01, -0.879508200879
/ANG,   1,   10.2063802205  
/REPLO  
/VIEW,  1,  0.659927187792E-01,  0.241073301754E-02, -0.997817192393
/ANG,   1,   11.0429258634  
/REPLO  
/VIEW,  1,  0.479306930943E-01, -0.263812223660    , -0.963382457442
/ANG,   1,   14.7156195484  
/REPLO  
/DIST, 1 ,1.082226,1
/REP,FAST   
/DIST, 1 ,1.082226,1
/REP,FAST   
/DIST, 1 ,1.082226,1
/REP,FAST   
/DIST, 1 ,1.082226,1
/REP,FAST   
/DIST, 1 ,1.082226,1
/REP,FAST   
/DIST, 1 ,1.082226,1
/REP,FAST   
/DIST, 1 ,1.082226,1
/REP,FAST   
/DIST, 1 ,1.082226,1
/REP,FAST   
/DIST, 1 ,1.082226,1
/REP,FAST   
/VIEW,  1, -0.105496537307    ,  0.230290979938E-01, -0.994152976791
/ANG,   1,   4.40541802486  
/REPLO  
FINISH  
/SOL
/STATUS,SOLU
SOLVE   
FINISH  
/POST1  
SET,FIRST   
PLDISP,0
/DIST, 1 ,1.082226,1
/REP,FAST   
/DIST, 1 ,1.082226,1
/REP,FAST   
/DIST, 1 ,1.082226,1
/REP,FAST   
/DIST, 1 ,1.082226,1
/REP,FAST   
/DIST, 1 ,1.082226,1
/REP,FAST   
/DIST, 1 ,1.082226,1
/REP,FAST   
/DIST, 1 ,1.082226,1
/REP,FAST   
/DIST, 1 ,1.082226,1
/REP,FAST   
/DIST, 1 ,1.082226,1
/REP,FAST   
/DIST, 1 ,0.924021,1
/REP,FAST   
!*  
PLESOL, S,Y, 0,1.0  
/DIST, 1 ,0.924021,1
/REP,FAST   
/DIST, 1 ,0.924021,1
/REP,FAST   
/DIST, 1 ,0.924021,1
/REP,FAST   
/DIST, 1 ,0.924021,1
/REP,FAST   
/DIST, 1 ,0.924021,1
/REP,FAST   
/DIST, 1 ,0.924021,1
/REP,FAST   
/DIST, 1 ,0.924021,1
/REP,FAST   
/DIST, 1 ,0.924021,1
/REP,FAST   
/DIST, 1 ,0.924021,1
/REP,FAST   
/DIST, 1 ,0.924021,1
/REP,FAST   
/DIST, 1 ,0.924021,1
/REP,FAST   
/DIST, 1 ,0.924021,1
/REP,FAST   
/DIST, 1 ,0.924021,1
/REP,FAST   
/DIST, 1 ,0.924021,1
/REP,FAST   
/DIST, 1 ,0.924021,1
/REP,FAST   
/DIST, 1 ,0.924021,1
/REP,FAST   
/DIST, 1 ,1.082226,1
/REP,FAST   
/DIST, 1 ,0.924021,1
/REP,FAST   
/DIST, 1 ,1.082226,1
/REP,FAST   
/DIST, 1 ,1.082226,1
/REP,FAST   
/DIST, 1 ,1.082226,1
/REP,FAST   
/DIST, 1 ,1.082226,1
/REP,FAST   
/DIST, 1 ,1.082226,1
/REP,FAST   
/DIST, 1 ,1.082226,1
/REP,FAST   
/DIST, 1 ,0.924021,1
/REP,FAST   
/DIST, 1 ,1.082226,1
/REP,FAST   
/DIST, 1 ,1.082226,1
/REP,FAST   
/DIST, 1 ,1.082226,1
/REP,FAST   
/DIST, 1 ,1.082226,1
/REP,FAST   
/DIST, 1 ,1.082226,1
/REP,FAST   
/DIST, 1 ,1.082226,1
/REP,FAST   
/DIST, 1 ,1.082226,1
/REP,FAST   
/DIST, 1 ,1.082226,1
/REP,FAST   
/DIST, 1 ,1.082226,1
/REP,FAST   
/DIST, 1 ,1.082226,1
/REP,FAST   
/DIST, 1 ,1.082226,1
/REP,FAST   
/DIST, 1 ,0.924021,1
/REP,FAST   
/DIST, 1 ,0.924021,1
/REP,FAST   
/DIST, 1 ,0.924021,1
/REP,FAST   
/DIST, 1 ,0.924021,1
/REP,FAST   
/DIST, 1 ,0.924021,1
/REP,FAST   
/DIST, 1 ,0.924021,1
/REP,FAST   
/DIST, 1 ,1.082226,1
/REP,FAST   
/DIST, 1 ,1.082226,1
/REP,FAST   
/DIST, 1 ,1.082226,1
/REP,FAST   
/DIST, 1 ,1.082226,1
/REP,FAST   
/DIST, 1 ,1.082226,1
/REP,FAST   
/DIST, 1 ,1.082226,1
/REP,FAST   
/DIST, 1 ,1.082226,1
/REP,FAST   
/DIST, 1 ,1.082226,1
/REP,FAST   
/DIST, 1 ,1.082226,1
/REP,FAST   
/DIST, 1 ,1.082226,1
/REP,FAST   
/DIST, 1 ,1.082226,1
/REP,FAST   
/DIST, 1 ,1.082226,1
/REP,FAST   
/DIST, 1 ,0.924021,1
/REP,FAST   
/DIST, 1 ,0.924021,1
/REP,FAST   
/DIST, 1 ,0.924021,1
/REP,FAST   
/DIST, 1 ,0.924021,1
/REP,FAST   
/DIST, 1 ,0.924021,1
/REP,FAST   
/DIST, 1 ,0.924021,1
/REP,FAST   
/DIST, 1 ,0.924021,1
/REP,FAST   
/DIST, 1 ,0.924021,1
/REP,FAST   
/DIST, 1 ,0.924021,1
/REP,FAST   
/DIST, 1 ,0.924021,1
/REP,FAST   
/DIST, 1 ,0.924021,1
/REP,FAST   
/DIST, 1 ,0.924021,1
/REP,FAST   
/DIST, 1 ,0.924021,1
/REP,FAST   
/DIST, 1 ,0.924021,1
/REP,FAST   
/DIST, 1 ,0.924021,1
/REP,FAST   
/DIST, 1 ,0.924021,1
/REP,FAST   
/DIST, 1 ,0.924021,1
/REP,FAST   
/DIST, 1 ,0.924021,1
/REP,FAST   
/DIST, 1 ,0.924021,1
/REP,FAST   
/DIST, 1 ,0.924021,1
/REP,FAST   
/DIST, 1 ,0.924021,1
/REP,FAST   
/DIST, 1 ,0.924021,1
/REP,FAST   
/DIST, 1 ,0.924021,1
/REP,FAST   
/DIST, 1 ,0.924021,1
/REP,FAST   
/DIST, 1 ,0.924021,1
/REP,FAST   
/DIST, 1 ,0.924021,1
/REP,FAST   
/DIST, 1 ,1.082226,1
/REP,FAST   
/DIST, 1 ,1.082226,1
/REP,FAST   
/DIST, 1 ,1.082226,1
/REP,FAST   
/DIST, 1 ,1.082226,1
/REP,FAST   
/DIST, 1 ,1.082226,1
/REP,FAST   
/DIST, 1 ,1.082226,1
/REP,FAST   
/DIST, 1 ,1.082226,1
/REP,FAST   
/DIST, 1 ,1.082226,1
/REP,FAST   
/DIST, 1 ,1.082226,1
/REP,FAST   
/DIST, 1 ,1.082226,1
/REP,FAST   
/DIST, 1 ,1.082226,1
/REP,FAST   
/DIST, 1 ,1.082226,1
/REP,FAST   
/DIST, 1 ,1.082226,1
/REP,FAST   
/DIST, 1 ,1.082226,1
/REP,FAST   
/DIST, 1 ,1.082226,1
/REP,FAST   
/DIST, 1 ,1.082226,1
/REP,FAST   
/DIST, 1 ,1.082226,1
/REP,FAST   
/DIST, 1 ,1.082226,1
/REP,FAST   
/DIST, 1 ,1.082226,1
/REP,FAST   
/DIST, 1 ,1.082226,1
/REP,FAST   
/DIST, 1 ,1.082226,1
/REP,FAST   
/DIST, 1 ,1.082226,1
/REP,FAST   
/DIST, 1 ,0.924021,1
/REP,FAST   
/DIST, 1 ,0.924021,1
/REP,FAST   
/DIST, 1 ,0.924021,1
/REP,FAST   
/DIST, 1 ,0.924021,1
/REP,FAST   
/DIST, 1 ,0.924021,1
/REP,FAST   
/DIST, 1 ,0.924021,1
/REP,FAST   
/DIST, 1 ,0.924021,1
/REP,FAST   
/DIST, 1 ,1.082226,1
/REP,FAST   
/DIST, 1 ,1.082226,1
/REP,FAST   
/DIST, 1 ,1.082226,1
/REP,FAST   
/DIST, 1 ,1.082226,1
/REP,FAST   
/DIST, 1 ,1.082226,1
/REP,FAST   
/DIST, 1 ,0.924021,1
/REP,FAST   
/FOC,   1,  0.510085164080E-02,  0.613748960208    , -0.262691027417E-02
/REPLO  
/DIST, 1 ,0.924021,1
/REP,FAST   
/DIST, 1 ,0.924021,1
/REP,FAST   
/DIST, 1 ,0.924021,1
/REP,FAST   
/DIST, 1 ,0.924021,1
/REP,FAST   
/DIST, 1 ,1.082226,1
/REP,FAST   
/DIST, 1 ,1.082226,1
/REP,FAST   
/DIST, 1 ,1.082226,1
/REP,FAST   
/DIST, 1 ,1.082226,1
/REP,FAST   
/DIST, 1 ,1.082226,1
/REP,FAST   
/FOC,   1,  0.646405614736E-01, -0.287856539037    , -0.298303641136E-01
/REPLO  
/DIST, 1 ,0.924021,1
/REP,FAST   
/DIST, 1 ,0.924021,1
/REP,FAST   
/DIST, 1 ,0.924021,1
/REP,FAST   
/DIST, 1 ,0.924021,1
/REP,FAST   
/DIST, 1 ,0.924021,1
/REP,FAST   
/DIST, 1 ,0.924021,1
/REP,FAST   
/DIST, 1 ,1.082226,1
/REP,FAST   
/DIST, 1 ,1.082226,1
/REP,FAST   
/DIST, 1 ,0.924021,1
/REP,FAST   
/DIST, 1 ,0.924021,1
/REP,FAST   
/DIST, 1 ,0.924021,1
/REP,FAST   
/DIST, 1 ,0.924021,1
/REP,FAST   
/DIST, 1 ,0.924021,1
/REP,FAST   
/DIST, 1 ,0.924021,1
/REP,FAST   
/DIST, 1 ,0.924021,1
/REP,FAST   
/DIST, 1 ,0.924021,1
/REP,FAST   
/FOC,   1,  0.237085185790    , -0.863467382243    , -0.614634326566E-01
/REPLO  
/DIST, 1 ,0.924021,1
/REP,FAST   
/DIST, 1 ,0.924021,1
/REP,FAST   
/DIST, 1 ,0.924021,1
/REP,FAST   
/DIST, 1 ,0.924021,1
/REP,FAST   
/DIST, 1 ,0.924021,1
/REP,FAST   
/DIST, 1 ,0.924021,1
/REP,FAST   
/DIST, 1 ,0.924021,1
/REP,FAST   
/DIST, 1 ,0.924021,1
/REP,FAST   
/DIST, 1 ,0.924021,1
/REP,FAST   
/FOC,   1,  0.238975337725    , -0.879505979506    , -0.620355366742E-01
/REPLO  
/ZOOM,1,RECT,-0.305902,-0.453321 ,-0.0372006022453 ,-0.383579318374 
/DIST, 1 ,1.082226,1
/REP,FAST   
/DIST, 1 ,1.082226,1
/REP,FAST   
/DIST, 1 ,1.082226,1
/REP,FAST   
/DIST, 1 ,1.082226,1
/REP,FAST   
/DIST, 1 ,1.082226,1
/REP,FAST   
/DIST, 1 ,1.082226,1
/REP,FAST   
/DIST, 1 ,1.082226,1
/REP,FAST   
/DIST, 1 ,1.082226,1
/REP,FAST   
/DIST, 1 ,1.082226,1
/REP,FAST   
/DIST, 1 ,1.082226,1
/REP,FAST   
/DIST, 1 ,1.082226,1
/REP,FAST   
/DIST, 1 ,1.082226,1
/REP,FAST   
/DIST, 1 ,1.082226,1
/REP,FAST   
/DIST, 1 ,1.082226,1
/REP,FAST   
/DIST, 1 ,1.082226,1
/REP,FAST   
/DIST, 1 ,1.082226,1
/REP,FAST   
/DIST, 1 ,1.082226,1
/REP,FAST   
/DIST, 1 ,1.082226,1
/REP,FAST   
/DIST, 1 ,1.082226,1
/REP,FAST   
/DIST, 1 ,1.082226,1
/REP,FAST   
/DIST, 1 ,1.082226,1
/REP,FAST   
/DIST, 1 ,1.082226,1
/REP,FAST   
/DIST, 1 ,1.082226,1
/REP,FAST   
/DIST, 1 ,1.082226,1
/REP,FAST   
/DIST, 1 ,1.082226,1
/REP,FAST   
/DIST, 1 ,1.082226,1
/REP,FAST   
/DIST, 1 ,1.082226,1
/REP,FAST   
/DIST, 1 ,1.082226,1
/REP,FAST   
/DIST, 1 ,1.082226,1
/REP,FAST   
/DIST, 1 ,1.082226,1
/REP,FAST   
/DIST, 1 ,1.082226,1
/REP,FAST   
/DIST, 1 ,1.082226,1
/REP,FAST   
/DIST, 1 ,1.082226,1
/REP,FAST   
/DIST, 1 ,0.924021,1
/REP,FAST   
/DIST, 1 ,1.082226,1
/REP,FAST   
/DIST, 1 ,1.082226,1
/REP,FAST   
/DIST, 1 ,1.082226,1
/REP,FAST   
/DIST, 1 ,1.082226,1
/REP,FAST   
/DIST, 1 ,1.082226,1
/REP,FAST   
/DIST, 1 ,1.082226,1
/REP,FAST   
/DIST, 1 ,1.082226,1
/REP,FAST   
/DIST, 1 ,1.082226,1
/REP,FAST   
/DIST, 1 ,1.082226,1
/REP,FAST   
/DIST, 1 ,1.082226,1
/REP,FAST   
/DIST, 1 ,1.082226,1
/REP,FAST   
/DIST, 1 ,1.082226,1
/REP,FAST   
/DIST, 1 ,1.082226,1
/REP,FAST   
/DIST, 1 ,1.082226,1
/REP,FAST   
/DIST, 1 ,1.082226,1
/REP,FAST   
/DIST, 1 ,1.082226,1
/REP,FAST   
/DIST, 1 ,1.082226,1
/REP,FAST   
/DIST, 1 ,1.082226,1
/REP,FAST   
/DIST, 1 ,1.082226,1
/REP,FAST   
/DIST, 1 ,1.082226,1
/REP,FAST   
/DIST, 1 ,1.082226,1
/REP,FAST   
/DIST, 1 ,1.082226,1
/REP,FAST   
/DIST, 1 ,0.924021,1
/REP,FAST   
/DIST, 1 ,0.924021,1
/REP,FAST   
/DIST, 1 ,0.924021,1
/REP,FAST   
/DIST, 1 ,0.924021,1
/REP,FAST   
/DIST, 1 ,0.924021,1
/REP,FAST   
/DIST, 1 ,0.924021,1
/REP,FAST   
/DIST, 1 ,0.924021,1
/REP,FAST   
/DIST, 1 ,0.924021,1
/REP,FAST   
/DIST, 1 ,0.924021,1
/REP,FAST   
/DIST, 1 ,0.924021,1
/REP,FAST   
/DIST, 1 ,0.924021,1
/REP,FAST   
/DIST, 1 ,0.924021,1
/REP,FAST   
/DIST, 1 ,0.924021,1
/REP,FAST   
/DIST, 1 ,0.924021,1
/REP,FAST   
/DIST, 1 ,0.924021,1
/REP,FAST   
/DIST, 1 ,0.924021,1
/REP,FAST   
/DIST, 1 ,0.924021,1
/REP,FAST   
/DIST, 1 ,0.924021,1
/REP,FAST   
/DIST, 1 ,1.082226,1
/REP,FAST   
/DIST, 1 ,1.082226,1
/REP,FAST   
/DIST, 1 ,1.082226,1
/REP,FAST   
/DIST, 1 ,1.082226,1
/REP,FAST   
/DIST, 1 ,1.082226,1
/REP,FAST   
/DIST, 1 ,1.082226,1
/REP,FAST   
/DIST, 1 ,1.082226,1
/REP,FAST   
/DIST, 1 ,1.082226,1
/REP,FAST   
/DIST, 1 ,1.082226,1
/REP,FAST   
/DIST, 1 ,1.082226,1
/REP,FAST   
/DIST, 1 ,1.082226,1
/REP,FAST   
/DIST, 1 ,1.082226,1
/REP,FAST   
/DIST, 1 ,1.082226,1
/REP,FAST   
/DIST, 1 ,0.924021,1
/REP,FAST   
/DIST, 1 ,0.924021,1
/REP,FAST   
/DIST, 1 ,0.924021,1
/REP,FAST   
/DIST, 1 ,0.924021,1
/REP,FAST   
/DIST, 1 ,0.924021,1
/REP,FAST   
/DIST, 1 ,0.924021,1
/REP,FAST   
/DIST, 1 ,0.924021,1
/REP,FAST   
/DIST, 1 ,0.924021,1
/REP,FAST   
/DIST, 1 ,0.924021,1
/REP,FAST   
/DIST, 1 ,0.924021,1
/REP,FAST   
/DIST, 1 ,0.924021,1
/REP,FAST   
/DIST, 1 ,0.924021,1
/REP,FAST   
/DIST, 1 ,0.924021,1
/REP,FAST   
/DIST, 1 ,0.924021,1
/REP,FAST   
/DIST, 1 ,0.924021,1
/REP,FAST   
/DIST, 1 ,0.924021,1
/REP,FAST   
/DIST, 1 ,0.924021,1
/REP,FAST   
/DIST, 1 ,0.924021,1
/REP,FAST   
/DIST, 1 ,0.924021,1
/REP,FAST   
/DIST, 1 ,0.924021,1
/REP,FAST   
/DIST, 1 ,0.924021,1
/REP,FAST   
/DIST, 1 ,0.924021,1
/REP,FAST   
/DIST, 1 ,0.924021,1
/REP,FAST   
/DIST, 1 ,0.924021,1
/REP,FAST   
/DIST, 1 ,0.924021,1
/REP,FAST   
/DIST, 1 ,0.924021,1
/REP,FAST   
/DIST, 1 ,0.924021,1
/REP,FAST   
/DIST, 1 ,0.924021,1
/REP,FAST   
/DIST, 1 ,0.924021,1
/REP,FAST   
/DIST, 1 ,1.082226,1
/REP,FAST   
/DIST, 1 ,1.082226,1
/REP,FAST   
/DIST, 1 ,1.082226,1
/REP,FAST   
/DIST, 1 ,1.082226,1
/REP,FAST   
/DIST, 1 ,1.082226,1
/REP,FAST   
/DIST, 1 ,1.082226,1
/REP,FAST   
/DIST, 1 ,1.082226,1
/REP,FAST   
/DIST, 1 ,1.082226,1
/REP,FAST   
/DIST, 1 ,1.082226,1
/REP,FAST   
/DIST, 1 ,1.082226,1
/REP,FAST   
/DIST, 1 ,1.082226,1
/REP,FAST   
/DIST, 1 ,1.082226,1
/REP,FAST   
/DIST, 1 ,1.082226,1
/REP,FAST   
/DIST, 1 ,1.082226,1
/REP,FAST   
/DIST, 1 ,1.082226,1
/REP,FAST   
/DIST, 1 ,1.082226,1
/REP,FAST   
/DIST, 1 ,1.082226,1
/REP,FAST   
/DIST, 1 ,1.082226,1
/REP,FAST   
/DIST, 1 ,1.082226,1
/REP,FAST   
/DIST, 1 ,1.082226,1
/REP,FAST   
/DIST, 1 ,1.082226,1
/REP,FAST   
/DIST, 1 ,1.082226,1
/REP,FAST   
/DIST, 1 ,1.082226,1
/REP,FAST   
/DIST, 1 ,1.082226,1
/REP,FAST   
/DIST, 1 ,1.082226,1
/REP,FAST   
/DIST, 1 ,1.082226,1
/REP,FAST   
/DIST, 1 ,1.082226,1
/REP,FAST   
/DIST, 1 ,1.082226,1
/REP,FAST   
/DIST, 1 ,1.082226,1
/REP,FAST   
/DIST, 1 ,1.082226,1
/REP,FAST   
/DIST, 1 ,1.082226,1
/REP,FAST   
/DIST, 1 ,1.082226,1
/REP,FAST   
/DIST, 1 ,1.082226,1
/REP,FAST   
/DIST, 1 ,1.082226,1
/REP,FAST   
/DIST, 1 ,0.924021,1
/REP,FAST   
/DIST, 1 ,0.924021,1
/REP,FAST   
/DIST, 1 ,0.924021,1
/REP,FAST   
/DIST, 1 ,0.924021,1
/REP,FAST   
/DIST, 1 ,0.924021,1
/REP,FAST   
/DIST, 1 ,0.924021,1
/REP,FAST   
/DIST, 1 ,0.924021,1
/REP,FAST   
/DIST, 1 ,0.924021,1
/REP,FAST   
/DIST, 1 ,0.924021,1
/REP,FAST   
/DIST, 1 ,0.924021,1
/REP,FAST   
/DIST, 1 ,0.924021,1
/REP,FAST   
/DIST, 1 ,0.924021,1
/REP,FAST   
/DIST, 1 ,0.924021,1
/REP,FAST   
/DIST, 1 ,0.924021,1
/REP,FAST   
/DIST, 1 ,0.924021,1
/REP,FAST   
/DIST, 1 ,0.924021,1
/REP,FAST   
/DIST, 1 ,0.924021,1
/REP,FAST   
/DIST, 1 ,0.924021,1
/REP,FAST   
/DIST, 1 ,0.924021,1
/REP,FAST   
/DIST, 1 ,0.924021,1
/REP,FAST   
/DIST, 1 ,0.924021,1
/REP,FAST   
/DIST, 1 ,0.924021,1
/REP,FAST   
/DIST, 1 ,1.082226,1
/REP,FAST   
/DIST, 1 ,1.082226,1
/REP,FAST   
/DIST, 1 ,1.082226,1
/REP,FAST   
/DIST, 1 ,1.082226,1
/REP,FAST   
/DIST, 1 ,1.082226,1
/REP,FAST   
/DIST, 1 ,1.082226,1
/REP,FAST   
/DIST, 1 ,1.082226,1
/REP,FAST   
/DIST, 1 ,1.082226,1
/REP,FAST   
/DIST, 1 ,1.082226,1
/REP,FAST   
/DIST, 1 ,1.082226,1
/REP,FAST   
/DIST, 1 ,1.082226,1
/REP,FAST   
/DIST, 1 ,1.082226,1
/REP,FAST   
/DIST, 1 ,1.082226,1
/REP,FAST   
/DIST, 1 ,1.082226,1
/REP,FAST   
/DIST, 1 ,1.082226,1
/REP,FAST   
/DIST, 1 ,1.082226,1
/REP,FAST   
/DIST, 1 ,1.082226,1
/REP,FAST   
/DIST, 1 ,1.082226,1
/REP,FAST   
/DIST, 1 ,1.082226,1
/REP,FAST   
/DIST, 1 ,0.924021,1
/REP,FAST   
/DIST, 1 ,0.924021,1
/REP,FAST   
/DIST, 1 ,0.924021,1
/REP,FAST   
/DIST, 1 ,0.924021,1
/REP,FAST   
/DIST, 1 ,0.924021,1
/REP,FAST   
/DIST, 1 ,0.924021,1
/REP,FAST   
/DIST, 1 ,0.924021,1
/REP,FAST   
/DIST, 1 ,0.924021,1
/REP,FAST   
/DIST, 1 ,1.082226,1
/REP,FAST   
/DIST, 1 ,1.082226,1
/REP,FAST   
/DIST, 1 ,1.082226,1
/REP,FAST   
/DIST, 1 ,1.082226,1
/REP,FAST   
/VIEW,  1, -0.404311345736    ,  0.420559351300    , -0.812195892469
/ANG,   1,   7.23672419892  
/REPLO  
/VIEW,  1,  0.609260860860E-01, -0.191021801361E-01, -0.997959477508
/ANG,   1,   2.37894468507  
/REPLO  
/VIEW,1,,,1 
/ANG,1  
/REP,FAST   
/FOC,1,,-0.3,,1 
/REP,FAST   
/FOC,1,,-0.3,,1 
/REP,FAST   
/FOC,1,,0.3,,1  
/REP,FAST   
/FOC,1,,0.3,,1  
/REP,FAST   
/FOC,1,,0.3,,1  
/REP,FAST   
!*  
/EFACET,1   
PLNSOL, U,SUM, 0,1.0
!*  
PLESOL, S,X, 0,1.0  
!*  
PLESOL, S,Y, 0,1.0  
!*  
SAVE
SAVE
FINISH  
! /EXIT,ALL 
/BATCH  
/COM,ANSYS RELEASE 2023 R2           BUILD 23.2      UP20230531       20:53:12
RESUME,'EyeBoltFirst','db','Desktop/Senior Year/Fall Semester/ComputationalStructuralAnalysis_4502/Final Project'   
/COM,ANSYS RELEASE 2023 R2           BUILD 23.2      UP20230531       20:53:12
/DIST, 1 ,0.924021,1
/REP,FAST   
/DIST, 1 ,0.924021,1
/REP,FAST   
/DIST, 1 ,1.082226,1
/REP,FAST   
/DIST, 1 ,1.082226,1
/REP,FAST   
/DIST, 1 ,1.082226,1
/REP,FAST   
/DIST, 1 ,1.082226,1
/REP,FAST   
/DIST, 1 ,1.082226,1
/REP,FAST   
/DIST, 1 ,1.082226,1
/REP,FAST   
/DIST, 1 ,1.082226,1
/REP,FAST   
/REPLOT 
/SOLU   
!*  
/PSF,PRES,NORM,1,0,1
/PBF,DEFA, ,1   
/PSYMB,CS,0 
/PSYMB,NDIR,0   
/PSYMB,ESYS,0   
/PSYMB,LDIV,0   
/PSYMB,LDIR,0   
/PSYMB,ADIR,0   
/PSYMB,ECON,0   
/PSYMB,XNODE,0  
/PSYMB,DOT,1
/PSYMB,PCONV,   
/PSYMB,LAYR,0   
/PSYMB,FBCS,0   
!*  
/PBC,ALL, ,1
/REP
!*  
/DIST, 1 ,0.924021,1
/REP,FAST   
/DIST, 1 ,0.924021,1
/REP,FAST   
/DIST, 1 ,0.924021,1
/REP,FAST   
/DIST, 1 ,0.924021,1
/REP,FAST   
/DIST, 1 ,0.924021,1
/REP,FAST   
/DIST, 1 ,0.924021,1
/REP,FAST   
/DIST, 1 ,0.924021,1
/REP,FAST   
/DIST, 1 ,0.924021,1
/REP,FAST   
/DIST, 1 ,0.924021,1
/REP,FAST   
/VIEW,  1, -0.803643825494E-01,  0.838025148154    , -0.539680847427
/ANG,   1,   22.3786539488  
/REPLO  
/VIEW,  1, -0.589647024381E-01,  0.110934879073E-01, -0.998198426362
/ANG,   1,   3.72430381952  
/REPLO  
FINISH  
/POST1  
FINISH  
/PREP7  
!*  
RESUME,'EyeBoltFirst','db','.'  
/COM,ANSYS RELEASE 2023 R2           BUILD 23.2      UP20230531       20:54:13
/DIST, 1 ,1.082226,1
/REP,FAST   
/DIST, 1 ,1.082226,1
/REP,FAST   
/DIST, 1 ,1.082226,1
/REP,FAST   
/DIST, 1 ,0.924021,1
/REP,FAST   
/DIST, 1 ,0.924021,1
/REP,FAST   
/DIST, 1 ,0.924021,1
/REP,FAST   
/DIST, 1 ,0.924021,1
/REP,FAST   
/DIST, 1 ,0.924021,1
/REP,FAST   
/DIST, 1 ,0.924021,1
/REP,FAST   
/DIST, 1 ,0.924021,1
/REP,FAST   
/DIST, 1 ,0.924021,1
/REP,FAST   
/DIST, 1 ,0.924021,1
/REP,FAST   
/DIST, 1 ,1.082226,1
/REP,FAST   
/DIST, 1 ,1.082226,1
/REP,FAST   
/DIST, 1 ,1.082226,1
/REP,FAST   
FINISH  
/SOL
FINISH  
/POST1  
!*  
PLESOL, S,Y, 0,1.0  
FINISH  
/SOLU   
LPLOT   
/FOC,1,,0.3,,1  
/REP,FAST   
/FOC,1,,0.3,,1  
/REP,FAST   
/FOC,1,,-0.3,,1 
/REP,FAST   
/FOC,1,-0.3,,,1 
/REP,FAST   
FINISH  
/PREP7  
/DIST, 1 ,0.924021,1
/REP,FAST   
/DIST, 1 ,0.924021,1
/REP,FAST   
/DIST, 1 ,0.924021,1
/REP,FAST   
/DIST, 1 ,0.924021,1
/REP,FAST   
/DIST, 1 ,0.924021,1
/REP,FAST   
/DIST, 1 ,0.924021,1
/REP,FAST   
/DIST, 1 ,0.924021,1
/REP,FAST   
/VIEW,  1,  0.267427885313    , -0.469774152056    ,  0.841305278848
/ANG,   1,  -8.36117398491  
/REPLO  
/VIEW,  1,  0.533745497982E-01, -0.916975825233E-01,  0.994355424782
/ANG,   1,  -4.21763351234  
/REPLO  
/VIEW,  1,  0.105400738965    ,  0.102545717318    , -0.989128434575
/ANG,   1,  -5.21580187840  
/REPLO  
/VIEW,  1,  0.142449060842    , -0.830681960272    , -0.538215334177
/ANG,   1, -0.729050419266  
/REPLO  
/VIEW,  1,  0.175032400981    ,  0.450659218799    , -0.875368452207
/ANG,   1,   8.18288554980  
/REPLO  
FLST,2,4,5,ORDE,4   
FITEM,2,11  
FITEM,2,-12 
FITEM,2,32  
FITEM,2,-33 
SFADELE,P51X,1,PRES 
/VIEW,  1,  0.198888616774    ,  0.350975624797    , -0.915018813422
/ANG,   1,   7.79866511878  
/REPLO  
/VIEW,  1,  0.209975036046E-01, -0.248799381831    ,  0.968327409734
/ANG,   1,  -17.3402728200  
/REPLO  
/VIEW,  1,  0.567501354612E-01, -0.540245575303    ,  0.839591651037
/ANG,   1,  -9.86518189097  
/REPLO  
/VIEW,  1,  0.598572384481E-01,  0.677353329717E-02,  0.998183966137
/ANG,   1,  -9.54407813791  
/REPLO  
FLST,2,2,4,ORDE,2   
FITEM,2,60  
FITEM,2,-61 
/GO 
!*  
SFL,P51X,PRES,3000, 
/DIST, 1 ,0.924021,1
/REP,FAST   
/DIST, 1 ,0.924021,1
/REP,FAST   
/DIST, 1 ,0.924021,1
/REP,FAST   
/DIST, 1 ,0.924021,1
/REP,FAST   
/DIST, 1 ,0.924021,1
/REP,FAST   
/FOC,1,,0.3,,1  
/REP,FAST   
/FOC,1,,0.3,,1  
/REP,FAST   
/FOC,1,,0.3,,1  
/REP,FAST   
/DIST, 1 ,0.924021,1
/REP,FAST   
/DIST, 1 ,0.924021,1
/REP,FAST   
/DIST, 1 ,0.924021,1
/REP,FAST   
/DIST, 1 ,0.924021,1
/REP,FAST   
/DIST, 1 ,0.924021,1
/REP,FAST   
/DIST, 1 ,0.924021,1
/REP,FAST   
/DIST, 1 ,0.924021,1
/REP,FAST   
/DIST, 1 ,0.924021,1
/REP,FAST   
/DIST, 1 ,0.924021,1
/REP,FAST   
/VIEW,  1, -0.254689992335E-01, -0.987722046186    ,  0.154131403535
/ANG,   1,   4.32778961362  
/REPLO  
/VIEW,  1,  0.199695353667E-01, -0.583779846890    ,  0.811666377289
/ANG,   1,  -6.19893002415  
/REPLO  
/VIEW,  1,  0.378489455968E-01, -0.270690703926    ,  0.961922034328
/ANG,   1,  -6.64548350527  
/REPLO  
/VIEW,  1,  0.393793656474E-01,  0.371253932223    ,  0.927695954163
/ANG,   1,  -7.40533965276  
/REPLO  
/VIEW,  1,  0.197227341553    ,  0.931427590772    ,  0.305849667143
/ANG,   1,   16.6118249451  
/REPLO  
/VIEW,  1,  0.536897233263E-01,  0.311953024546    ,  0.948579318816
/ANG,   1,  -2.26877421926  
/REPLO  
/VIEW,  1,  0.978657467917E-03,  0.212193042143E-01,  0.999774366224
/ANG,   1,  -2.81581140711  
/REPLO  
/VIEW,  1, -0.219321616831E-02, -0.208716171284E-01,  0.999779758447
/ANG,   1,  -2.80484747236  
/REPLO  
FLST,2,2,4,ORDE,2   
FITEM,2,60  
FITEM,2,-61 
/GO 
!*  
SFL,P51X,PRES,3000, 
FLST,2,2,4,ORDE,2   
FITEM,2,60  
FITEM,2,-61 
SFLDELE,P51X,PRES   
FLST,2,2,4,ORDE,2   
FITEM,2,60  
FITEM,2,-61 
/GO 
!*  
SFL,P51X,PRES,3000, 
/REPLOT 
/DIST, 1 ,1.082226,1
/REP,FAST   
/DIST, 1 ,1.082226,1
/REP,FAST   
/DIST, 1 ,1.082226,1
/REP,FAST   
/DIST, 1 ,1.082226,1
/REP,FAST   
/DIST, 1 ,1.082226,1
/REP,FAST   
/DIST, 1 ,1.082226,1
/REP,FAST   
/DIST, 1 ,1.082226,1
/REP,FAST   
/DIST, 1 ,1.082226,1
/REP,FAST   
/DIST, 1 ,1.082226,1
/REP,FAST   
/DIST, 1 ,1.082226,1
/REP,FAST   
/DIST, 1 ,1.082226,1
/REP,FAST   
/DIST, 1 ,1.082226,1
/REP,FAST   
/DIST, 1 ,1.082226,1
/REP,FAST   
/DIST, 1 ,1.082226,1
/REP,FAST   
/DIST, 1 ,1.082226,1
/REP,FAST   
/DIST, 1 ,1.082226,1
/REP,FAST   
/DIST, 1 ,1.082226,1
/REP,FAST   
/DIST, 1 ,1.082226,1
/REP,FAST   
/DIST, 1 ,1.082226,1
/REP,FAST   
/DIST, 1 ,1.082226,1
/REP,FAST   
/DIST, 1 ,1.082226,1
/REP,FAST   
/DIST, 1 ,1.082226,1
/REP,FAST   
/DIST, 1 ,1.082226,1
/REP,FAST   
/DIST, 1 ,1.082226,1
/REP,FAST   
FINISH  
/SOL
/STATUS,SOLU
SOLVE   
FINISH  
/POST26 
FILE,'EyeBoltFirst','rst','.'   
/UI,COLL,1  
NUMVAR,200  
SOLU,191,NCMIT  
STORE,MERGE 
FILLDATA,191,,,,1,1 
REALVAR,191,191 
FINISH  
/POST1  
SET,FIRST   
!*  
PLESOL, S,Y, 0,1.0  
!*  
/EFACET,1   
PLNSOL, U,SUM, 0,1.0
LPLOT   
/DIST, 1 ,0.924021,1
/REP,FAST   
/DIST, 1 ,0.924021,1
/REP,FAST   
/DIST, 1 ,0.924021,1
/REP,FAST   
/DIST, 1 ,0.924021,1
/REP,FAST   
/DIST, 1 ,0.924021,1
/REP,FAST   
/DIST, 1 ,0.924021,1
/REP,FAST   
/DIST, 1 ,0.924021,1
/REP,FAST   
/DIST, 1 ,0.924021,1
/REP,FAST   
/DIST, 1 ,0.924021,1
/REP,FAST   
/DIST, 1 ,0.924021,1
/REP,FAST   
/DIST, 1 ,0.924021,1
/REP,FAST   
/DIST, 1 ,0.924021,1
/REP,FAST   
/DIST, 1 ,0.924021,1
/REP,FAST   
/DIST, 1 ,0.924021,1
/REP,FAST   
/DIST, 1 ,0.924021,1
/REP,FAST   
/DIST, 1 ,0.924021,1
/REP,FAST   
/DIST, 1 ,0.924021,1
/REP,FAST   
/DIST, 1 ,0.924021,1
/REP,FAST   
FINISH  
/SOL
FINISH  
/PREP7  
/DIST, 1 ,1.082226,1
/REP,FAST   
/DIST, 1 ,1.082226,1
/REP,FAST   
/DIST, 1 ,1.082226,1
/REP,FAST   
/DIST, 1 ,1.082226,1
/REP,FAST   
/DIST, 1 ,1.082226,1
/REP,FAST   
/DIST, 1 ,1.082226,1
/REP,FAST   
/DIST, 1 ,1.082226,1
/REP,FAST   
/DIST, 1 ,0.924021,1
/REP,FAST   
/DIST, 1 ,0.924021,1
/REP,FAST   
/DIST, 1 ,0.924021,1
/REP,FAST   
/DIST, 1 ,0.924021,1
/REP,FAST   
/DIST, 1 ,0.924021,1
/REP,FAST   
/DIST, 1 ,0.924021,1
/REP,FAST   
/DIST, 1 ,1.082226,1
/REP,FAST   
/DIST, 1 ,1.082226,1
/REP,FAST   
/DIST, 1 ,1.082226,1
/REP,FAST   
/DIST, 1 ,1.082226,1
/REP,FAST   
/DIST, 1 ,1.082226,1
/REP,FAST   
/DIST, 1 ,1.082226,1
/REP,FAST   
/DIST, 1 ,1.082226,1
/REP,FAST   
/DIST, 1 ,0.924021,1
/REP,FAST   
/DIST, 1 ,0.924021,1
/REP,FAST   
/DIST, 1 ,0.924021,1
/REP,FAST   
/DIST, 1 ,0.924021,1
/REP,FAST   
/DIST, 1 ,0.924021,1
/REP,FAST   
/DIST, 1 ,0.924021,1
/REP,FAST   
/DIST, 1 ,0.924021,1
/REP,FAST   
/DIST, 1 ,0.924021,1
/REP,FAST   
/DIST, 1 ,0.924021,1
/REP,FAST   
/DIST, 1 ,0.924021,1
/REP,FAST   
FLST,2,2,4,ORDE,2   
FITEM,2,60  
FITEM,2,-61 
SFLDELE,P51X,PRES   
/DIST, 1 ,1.082226,1
/REP,FAST   
/DIST, 1 ,1.082226,1
/REP,FAST   
/DIST, 1 ,1.082226,1
/REP,FAST   
/DIST, 1 ,1.082226,1
/REP,FAST   
/DIST, 1 ,1.082226,1
/REP,FAST   
/DIST, 1 ,1.082226,1
/REP,FAST   
/DIST, 1 ,1.082226,1
/REP,FAST   
/DIST, 1 ,1.082226,1
/REP,FAST   
/DIST, 1 ,1.082226,1
/REP,FAST   
/DIST, 1 ,1.082226,1
/REP,FAST   
/DIST, 1 ,0.924021,1
/REP,FAST   
/DIST, 1 ,0.924021,1
/REP,FAST   
/DIST, 1 ,0.924021,1
/REP,FAST   
/DIST, 1 ,0.924021,1
/REP,FAST   
/DIST, 1 ,0.924021,1
/REP,FAST   
FLST,2,2,4,ORDE,2   
FITEM,2,60  
FITEM,2,-61 
/GO 
/VIEW,1,,,1 
/ANG,1  
/REP,FAST   
/VIEW,1,1,2,3   
/ANG,1  
/REP,FAST   
/VIEW,1,,,1 
/ANG,1  
/REP,FAST   
/VIEW,  1,   0.00000000000    ,   0.00000000000    ,   1.00000000000
/DIST,  1,  0.591235645699  
/ANG,   1,   0.00000000000  
/LIG,   1,1, 1.000,   0.00000000000    ,   0.00000000000    ,   0.00000000000    ,   0.00000000000  
/REPLO  
/REPLOT 
/VIEW,  1,   0.00000000000    ,   0.00000000000    ,   1.00000000000
/DIST,  1,  0.591235645699  
/ANG,   1,   0.00000000000  
/LIG,   1,1, 1.000,   0.00000000000    ,   0.00000000000    ,   0.00000000000    ,   0.00000000000  
/REPLO  
/VIEW,  1,   0.00000000000    ,   0.00000000000    ,   1.00000000000
/DIST,  1,  0.591235645699  
/ANG,   1,   0.00000000000  
/LIG,   1,1, 1.000,   0.00000000000    ,   0.00000000000    ,   0.00000000000    ,   0.00000000000  
/REPLO  
/VIEW,  1,   0.00000000000    ,   0.00000000000    ,   1.00000000000
/DIST,  1,  0.591235645699  
/ANG,   1,   0.00000000000  
/LIG,   1,1, 1.000,   0.00000000000    ,   0.00000000000    ,   0.00000000000    ,   0.00000000000  
/REPLO  
/VIEW,  1,   0.00000000000    ,   0.00000000000    ,   1.00000000000
/DIST,  1,  0.591235645699  
/ANG,   1,   0.00000000000  
/LIG,   1,1, 1.000,   0.00000000000    ,   0.00000000000    ,   0.00000000000    ,   0.00000000000  
/REPLO  
/VIEW,1,,-1 
/ANG,1  
/REP,FAST   
/VIEW,1,,,-1
/ANG,1  
/REP,FAST   
/VIEW,1,,1  
/ANG,1  
/REP,FAST   
/VIEW,1,,,-1
/ANG,1  
/REP,FAST   
/DIST, 1 ,1.082226,1
/REP,FAST   
/DIST, 1 ,1.082226,1
/REP,FAST   
/DIST, 1 ,1.082226,1
/REP,FAST   
RESUME,'EyeBoltFirst','db','.'  
/COM,ANSYS RELEASE 2023 R2           BUILD 23.2      UP20230531       21:31:11
!*  
/PSF,PRES,NORM,2,0,1
/PBF,DEFA, ,1   
/PSYMB,CS,0 
/PSYMB,NDIR,0   
/PSYMB,ESYS,0   
/PSYMB,LDIV,0   
/PSYMB,LDIR,0   
/PSYMB,ADIR,0   
/PSYMB,ECON,0   
/PSYMB,XNODE,0  
/PSYMB,DOT,1
/PSYMB,PCONV,   
/PSYMB,LAYR,0   
/PSYMB,FBCS,0   
!*  
/PBC,ALL, ,1
/REP
!*  
/DIST, 1 ,0.924021,1
/REP,FAST   
/DIST, 1 ,0.924021,1
/REP,FAST   
/DIST, 1 ,0.924021,1
/REP,FAST   
/DIST, 1 ,0.924021,1
/REP,FAST   
/DIST, 1 ,0.924021,1
/REP,FAST   
/DIST, 1 ,1.082226,1
/REP,FAST   
LPLOT   
APLOT   
/DIST, 1 ,0.924021,1
/REP,FAST   
/DIST, 1 ,0.924021,1
/REP,FAST   
/DIST, 1 ,0.924021,1
/REP,FAST   
/DIST, 1 ,0.924021,1
/REP,FAST   
/FOC,1,,-0.3,,1 
/REP,FAST   
/FOC,1,,0.3,,1  
/REP,FAST   
/FOC,1,,0.3,,1  
/REP,FAST   
/FOC,1,,0.3,,1  
/REP,FAST   
/FOC,1,,0.3,,1  
/REP,FAST   
/VIEW,1,,,-1
/ANG,1  
/REP,FAST   
FLST,2,4,5,ORDE,4   
FITEM,2,11  
FITEM,2,-12 
FITEM,2,32  
FITEM,2,-33 
SFADELE,P51X,1,PRES 
/VIEW,  1,  0.196327737739E-01, -0.965731662290E-02,  0.999760616563
/ANG,   1,  -6.51522653603  
/REPLO  
/DIST, 1 ,1.082226,1
/REP,FAST   
/DIST, 1 ,1.082226,1
/REP,FAST   
/DIST, 1 ,1.082226,1
/REP,FAST   
/DIST, 1 ,1.082226,1
/REP,FAST   
/DIST, 1 ,0.924021,1
/REP,FAST   
/DIST, 1 ,0.924021,1
/REP,FAST   
/DIST, 1 ,1.082226,1
/REP,FAST   
/DIST, 1 ,1.082226,1
/REP,FAST   
/DIST, 1 ,1.082226,1
/REP,FAST   
/DIST, 1 ,1.082226,1
/REP,FAST   
/DIST, 1 ,1.082226,1
/REP,FAST   
/DIST, 1 ,1.082226,1
/REP,FAST   
/DIST, 1 ,1.082226,1
/REP,FAST   
/DIST, 1 ,0.924021,1
/REP,FAST   
/DIST, 1 ,0.924021,1
/REP,FAST   
/DIST, 1 ,0.924021,1
/REP,FAST   
/DIST, 1 ,0.924021,1
/REP,FAST   
/DIST, 1 ,0.924021,1
/REP,FAST   
/DIST, 1 ,0.924021,1
/REP,FAST   
/DIST, 1 ,0.924021,1
/REP,FAST   
/VIEW,1,1   
/ANG,1  
/REP,FAST   
/VIEW,1,,1  
/ANG,1  
/REP,FAST   
/VIEW,1,,,1 
/ANG,1  
/REP,FAST   
/FOC,1,-0.3,,,1 
/REP,FAST   
/FOC,1,-0.3,,,1 
/REP,FAST   
/FOC,1,,-0.3,,1 
/REP,FAST   
FLST,2,2,4,ORDE,2   
FITEM,2,60  
FITEM,2,-61 
/GO 
!*  
SFL,P51X,PRES,3000, 
/DIST, 1 ,0.924021,1
/REP,FAST   
/DIST, 1 ,0.924021,1
/REP,FAST   
/DIST, 1 ,0.924021,1
/REP,FAST   
/DIST, 1 ,0.924021,1
/REP,FAST   
/DIST, 1 ,0.924021,1
/REP,FAST   
/DIST, 1 ,0.924021,1
/REP,FAST   
/DIST, 1 ,0.924021,1
/REP,FAST   
/VIEW,  1, -0.932209576503E-01, -0.794075989708    ,  0.600627318413
/ANG,   1,   4.76449795024  
/REPLO  
/DIST, 1 ,0.924021,1
/REP,FAST   
/DIST, 1 ,0.924021,1
/REP,FAST   
/DIST, 1 ,0.924021,1
/REP,FAST   
/DIST, 1 ,0.924021,1
/REP,FAST   
/DIST, 1 ,0.924021,1
/REP,FAST   
/DIST, 1 ,0.924021,1
/REP,FAST   
/DIST, 1 ,1.082226,1
/REP,FAST   
/DIST, 1 ,1.082226,1
/REP,FAST   
/DIST, 1 ,1.082226,1
/REP,FAST   
/DIST, 1 ,1.082226,1
/REP,FAST   
/DIST, 1 ,1.082226,1
/REP,FAST   
/VIEW,  1, -0.493401967963    , -0.762399095358    ,  0.418690956922
/ANG,   1,   37.7091663806  
/REPLO  
/VIEW,  1, -0.767854486355    , -0.395680992440    ,  0.503821436628
/ANG,   1,   42.1739017857  
/REPLO  
/VIEW,  1, -0.214905073055    , -0.802813795264    ,  0.556152694598
/ANG,   1,   20.2088871771  
/REPLO  
/VIEW,  1, -0.799812835064E-01, -0.763339077326    ,  0.641027649416
/ANG,   1,   9.10014911297  
/REPLO  
FLST,2,2,4,ORDE,2   
FITEM,2,60  
FITEM,2,-61 
SFLDELE,P51X,PRES   
/DIST, 1 ,1.082226,1
/REP,FAST   
/DIST, 1 ,1.082226,1
/REP,FAST   
/DIST, 1 ,1.082226,1
/REP,FAST   
/DIST, 1 ,1.082226,1
/REP,FAST   
/DIST, 1 ,1.082226,1
/REP,FAST   
/DIST, 1 ,1.082226,1
/REP,FAST   
/DIST, 1 ,1.082226,1
/REP,FAST   
FLST,2,1,3,ORDE,1   
FITEM,2,53  
!*  
/GO 
FK,P51X,FY,3000 
FINISH  
/SOL
/VIEW,  1, -0.351390027766E-01,  0.247157203892E-01,  0.999076765644
/ANG,   1,   7.64554868662  
/REPLO  
/STATUS,SOLU
SOLVE   
FINISH  
/POST1  
SET,FIRST   
!*  
/EFACET,1   
PLNSOL, U,SUM, 0,1.0
!*  
PLESOL, S,Y, 0,1.0  
/DIST, 1 ,1.082226,1
/REP,FAST   
/DIST, 1 ,1.082226,1
/REP,FAST   
/DIST, 1 ,1.082226,1
/REP,FAST   
/DIST, 1 ,1.082226,1
/REP,FAST   
/DIST, 1 ,1.082226,1
/REP,FAST   
/DIST, 1 ,1.082226,1
/REP,FAST   
/DIST, 1 ,1.082226,1
/REP,FAST   
/DIST, 1 ,1.082226,1
/REP,FAST   
/DIST, 1 ,1.082226,1
/REP,FAST   
/DIST, 1 ,1.082226,1
/REP,FAST   
/DIST, 1 ,1.082226,1
/REP,FAST   
/DIST, 1 ,0.924021,1
/REP,FAST   
/DIST, 1 ,0.924021,1
/REP,FAST   
/DIST, 1 ,0.924021,1
/REP,FAST   
/VIEW,  1, -0.682195288107E-01, -0.901524471285    ,  0.427316888928
/ANG,   1,   14.4668485977  
/REPLO  
/VIEW,  1, -0.646067582591    ,  0.561299696458    , -0.517242041487
/ANG,   1,   52.8845393054  
/REPLO  
/VIEW,  1,  0.311190578572    ,  0.137647960595    , -0.940326253357
/ANG,   1,   12.0332864113  
/REPLO  
/VIEW,  1, -0.222660387279E-01, -0.299580632412E-01, -0.999303126167
/ANG,   1,  0.794566311874  
/REPLO  
/VIEW,  1,  0.541367271501E-02, -0.679310193346    , -0.733831283991
/ANG,   1,   1.96445380021  
/REPLO  
/VIEW,  1, -0.360839417753E-01, -0.145917478747E-01, -0.999242227911
/ANG,   1,   1.35797417148  
/REPLO  
LPLOT   
/DIST, 1 ,0.924021,1
/REP,FAST   
/DIST, 1 ,0.924021,1
/REP,FAST   
/DIST, 1 ,0.924021,1
/REP,FAST   
/DIST, 1 ,0.924021,1
/REP,FAST   
/DIST, 1 ,0.924021,1
/REP,FAST   
/DIST, 1 ,0.924021,1
/REP,FAST   
/DIST, 1 ,0.924021,1
/REP,FAST   
/DIST, 1 ,0.924021,1
/REP,FAST   
/DIST, 1 ,0.924021,1
/REP,FAST   
/DIST, 1 ,0.924021,1
/REP,FAST   
/DIST, 1 ,0.924021,1
/REP,FAST   
/DIST, 1 ,0.924021,1
/REP,FAST   
/DIST, 1 ,0.924021,1
/REP,FAST   
/DIST, 1 ,0.924021,1
/REP,FAST   
/DIST, 1 ,0.924021,1
/REP,FAST   
/DIST, 1 ,1.082226,1
/REP,FAST   
/DIST, 1 ,1.082226,1
/REP,FAST   
FINISH  
/SOL
FLST,2,1,3,ORDE,1   
FITEM,2,53  
FKDELE,P51X,ALL 
/DIST, 1 ,1.082226,1
/REP,FAST   
/DIST, 1 ,1.082226,1
/REP,FAST   
/DIST, 1 ,1.082226,1
/REP,FAST   
/DIST, 1 ,1.082226,1
/REP,FAST   
/DIST, 1 ,1.082226,1
/REP,FAST   
/DIST, 1 ,1.082226,1
/REP,FAST   
/DIST, 1 ,1.082226,1
/REP,FAST   
/DIST, 1 ,0.924021,1
/REP,FAST   
/DIST, 1 ,0.924021,1
/REP,FAST   
/DIST, 1 ,0.924021,1
/REP,FAST   
/DIST, 1 ,0.924021,1
/REP,FAST   
/DIST, 1 ,0.924021,1
/REP,FAST   
/DIST, 1 ,0.924021,1
/REP,FAST   
/DIST, 1 ,0.924021,1
/REP,FAST   
/DIST, 1 ,0.924021,1
/REP,FAST   
/VIEW,  1, -0.417386071032    , -0.697458828303    , -0.582529012609
/ANG,   1,  -18.5532875675  
/REPLO  
/VIEW,  1, -0.184274802562    , -0.738933075068    , -0.648090045990
/ANG,   1,  -4.21733890088  
/REPLO  
/VIEW,  1, -0.983001051965E-01, -0.558369584811    , -0.823747835248
/ANG,   1,   1.89994008126  
/REPLO  
/VIEW,  1, -0.540909961267E-01, -0.261451797859    , -0.963699705061
/ANG,   1,   3.72946896420  
/REPLO  
/VIEW,  1, -0.248883503969E-01, -0.167195100753    , -0.985609642962
/ANG,   1,   4.11989545593  
/REPLO  
FLST,2,2,4,ORDE,2   
FITEM,2,60  
FITEM,2,-61 
/GO 
/DIST, 1 ,1.082226,1
/REP,FAST   
/DIST, 1 ,1.082226,1
/REP,FAST   
/DIST, 1 ,1.082226,1
/REP,FAST   
/DIST, 1 ,1.082226,1
/REP,FAST   
/DIST, 1 ,1.082226,1
/REP,FAST   
/DIST, 1 ,1.082226,1
/REP,FAST   
/DIST, 1 ,1.082226,1
/REP,FAST   
/DIST, 1 ,1.082226,1
/REP,FAST   
/DIST, 1 ,0.924021,1
/REP,FAST   
/DIST, 1 ,0.924021,1
/REP,FAST   
/DIST, 1 ,0.924021,1
/REP,FAST   
/DIST, 1 ,1.082226,1
/REP,FAST   
/DIST, 1 ,1.082226,1
/REP,FAST   
/DIST, 1 ,1.082226,1
/REP,FAST   
/DIST, 1 ,1.082226,1
/REP,FAST   
/DIST, 1 ,1.082226,1
/REP,FAST   
/DIST, 1 ,1.082226,1
/REP,FAST   
/DIST, 1 ,1.082226,1
/REP,FAST   
/DIST, 1 ,1.082226,1
/REP,FAST   
/DIST, 1 ,0.924021,1
/REP,FAST   
/DIST, 1 ,0.924021,1
/REP,FAST   
/VIEW,  1, -0.261629953945E-01, -0.643209882886    , -0.765242800835
/ANG,   1,   4.56174889397  
/REPLO  
/DIST, 1 ,0.924021,1
/REP,FAST   
/DIST, 1 ,0.924021,1
/REP,FAST   
/DIST, 1 ,0.924021,1
/REP,FAST   
/DIST, 1 ,0.924021,1
/REP,FAST   
/DIST, 1 ,0.924021,1
/REP,FAST   
/DIST, 1 ,0.924021,1
/REP,FAST   
/DIST, 1 ,0.924021,1
/REP,FAST   
/DIST, 1 ,0.924021,1
/REP,FAST   
/DIST, 1 ,0.924021,1
/REP,FAST   
/DIST, 1 ,0.924021,1
/REP,FAST   
/DIST, 1 ,0.924021,1
/REP,FAST   
/DIST, 1 ,0.924021,1
/REP,FAST   
/VIEW,  1,  0.315281445668E-01, -0.247905497917    , -0.968271057196
/ANG,   1,   6.98734442392  
/REPLO  
/VIEW,1,,,1 
/ANG,1  
/REP,FAST   
/DIST, 1 ,0.924021,1
/REP,FAST   
/DIST, 1 ,0.924021,1
/REP,FAST   
/DIST, 1 ,0.924021,1
/REP,FAST   
/DIST, 1 ,0.924021,1
/REP,FAST   
/DIST, 1 ,1.082226,1
/REP,FAST   
/DIST, 1 ,1.082226,1
/REP,FAST   
/DIST, 1 ,1.082226,1
/REP,FAST   
/DIST, 1 ,1.082226,1
/REP,FAST   
/DIST, 1 ,1.082226,1
/REP,FAST   
/DIST, 1 ,1.082226,1
/REP,FAST   
/DIST, 1 ,1.082226,1
/REP,FAST   
/DIST, 1 ,1.082226,1
/REP,FAST   
/DIST, 1 ,1.082226,1
/REP,FAST   
/VIEW,1,,,-1
/ANG,1  
/REP,FAST   
/VIEW,  1,  0.169523150546    , -0.780103039945    , -0.602246750508
/ANG,   1,   2.44170452853  
/REPLO  
FLST,2,4,5,ORDE,4   
FITEM,2,11  
FITEM,2,-12 
FITEM,2,32  
FITEM,2,-33 
/GO 
!*  
SFA,P51X, ,PRES,2061
FINISH  
/POST1  
FINISH  
/SOL
/STATUS,SOLU
SOLVE   
FINISH  
/POST1  
SET,FIRST   
!*  
PLESOL, S,Y, 0,1.0  
/VIEW,  1,  0.745892105726E-01, -0.241333361741E-01, -0.996922279694
/ANG,   1, -0.200915069453  
/REPLO  
/DIST, 1 ,0.924021,1
/REP,FAST   
/DIST, 1 ,0.924021,1
/REP,FAST   
/DIST, 1 ,0.924021,1
/REP,FAST   
/DIST, 1 ,0.924021,1
/REP,FAST   
/DIST, 1 ,0.924021,1
/REP,FAST   
/DIST, 1 ,0.924021,1
/REP,FAST   
/DIST, 1 ,1.082226,1
/REP,FAST   
/DIST, 1 ,1.082226,1
/REP,FAST   
/DIST, 1 ,1.082226,1
/REP,FAST   
/DIST, 1 ,1.082226,1
/REP,FAST   
/DIST, 1 ,1.082226,1
/REP,FAST   
/DIST, 1 ,1.082226,1
/REP,FAST   
/DIST, 1 ,1.082226,1
/REP,FAST   
/DIST, 1 ,1.082226,1
/REP,FAST   
/DIST, 1 ,1.082226,1
/REP,FAST   
/DIST, 1 ,1.082226,1
/REP,FAST   
/DIST, 1 ,1.082226,1
/REP,FAST   
/DIST, 1 ,1.082226,1
/REP,FAST   
/DIST, 1 ,1.082226,1
/REP,FAST   
/DIST, 1 ,1.082226,1
/REP,FAST   
/DIST, 1 ,1.082226,1
/REP,FAST   
/DIST, 1 ,1.082226,1
/REP,FAST   
/DIST, 1 ,1.082226,1
/REP,FAST   
/DIST, 1 ,1.082226,1
/REP,FAST   
/DIST, 1 ,0.924021,1
/REP,FAST   
/DIST, 1 ,0.924021,1
/REP,FAST   
/DIST, 1 ,0.924021,1
/REP,FAST   
/DIST, 1 ,0.924021,1
/REP,FAST   
/DIST, 1 ,0.924021,1
/REP,FAST   
/VIEW,  1, -0.383810114781E-01,  0.751581434296E-01, -0.996432712949
/ANG,   1,  -1.53172051624  
/REPLO  
/VIEW,  1, -0.841514698333E-02,  0.198781795370    , -0.980007644425
/ANG,   1,  -1.67302762406  
/REPLO  
/DIST, 1 ,0.924021,1
/REP,FAST   
/DIST, 1 ,1.082226,1
/REP,FAST   
/DIST, 1 ,1.082226,1
/REP,FAST   
/DIST, 1 ,1.082226,1
/REP,FAST   
/DIST, 1 ,1.082226,1
/REP,FAST   
/DIST, 1 ,1.082226,1
/REP,FAST   
/DIST, 1 ,0.924021,1
/REP,FAST   
/DIST, 1 ,0.924021,1
/REP,FAST   
/DIST, 1 ,1.082226,1
/REP,FAST   
/VIEW,  1, -0.155701682370E-01,  0.137025855104    , -0.990445094336
/ANG,   1,  -1.60591583928  
/REPLO  
FINISH  
/SOL
/DIST, 1 ,0.924021,1
/REP,FAST   
/DIST, 1 ,0.924021,1
/REP,FAST   
/DIST, 1 ,0.924021,1
/REP,FAST   
/DIST, 1 ,0.924021,1
/REP,FAST   
/DIST, 1 ,0.924021,1
/REP,FAST   
/DIST, 1 ,0.924021,1
/REP,FAST   
/DIST, 1 ,0.924021,1
/REP,FAST   
/DIST, 1 ,0.924021,1
/REP,FAST   
/DIST, 1 ,0.924021,1
/REP,FAST   
FLST,2,4,5,ORDE,4   
FITEM,2,11  
FITEM,2,-12 
FITEM,2,32  
FITEM,2,-33 
SFADELE,P51X,1,PRES 
FLST,2,4,5,ORDE,4   
FITEM,2,11  
FITEM,2,-12 
FITEM,2,32  
FITEM,2,-33 
/GO 
!*  
SFA,P51X, ,PRES,250 
/STATUS,SOLU
SOLVE   
FINISH  
/POST1  
SET,FIRST   
!*  
PLESOL, S,Y, 0,1.0  
/DIST, 1 ,1.082226,1
/REP,FAST   
/DIST, 1 ,1.082226,1
/REP,FAST   
/DIST, 1 ,1.082226,1
/REP,FAST   
/DIST, 1 ,1.082226,1
/REP,FAST   
/DIST, 1 ,1.082226,1
/REP,FAST   
/DIST, 1 ,1.082226,1
/REP,FAST   
/DIST, 1 ,1.082226,1
/REP,FAST   
/DIST, 1 ,1.082226,1
/REP,FAST   
/DIST, 1 ,1.082226,1
/REP,FAST   
/DIST, 1 ,0.924021,1
/REP,FAST   
/DIST, 1 ,0.924021,1
/REP,FAST   
SAVE
FINISH  
/SOL
FINISH  
/PREP7  
/REPLOT 
LPLOT   
SAVE
FINISH  
/FILNAME,2D_EyeBolt,1   
/BATCH  
/COM,ANSYS RELEASE 2023 R2           BUILD 23.2      UP20230531       23:03:01
RESUME,'EyeBoltFirst','db','.'  
/COM,ANSYS RELEASE 2023 R2           BUILD 23.2      UP20230531       23:03:01
LPLOT   
!*  
/PSF,PRES,NORM,1,0,1
/PBF,DEFA, ,1   
/PSYMB,CS,0 
/PSYMB,NDIR,0   
/PSYMB,ESYS,0   
/PSYMB,LDIV,0   
/PSYMB,LDIR,0   
/PSYMB,ADIR,0   
/PSYMB,ECON,0   
/PSYMB,XNODE,0  
/PSYMB,DOT,1
/PSYMB,PCONV,   
/PSYMB,LAYR,0   
/PSYMB,FBCS,0   
!*  
/PBC,ALL, ,1
/REP
!*  
/POST1  
!*  
PLESOL, EPEL,Y, 0,1.0   
!*  
PLESOL, EPEL,1, 0,1.0   
!*  
PLESOL, EPEL,2, 0,1.0   
/REPLOT,RESIZE  
!*  
/EFACET,1   
PLNSOL, U,SUM, 0,1.0
!*  
PLESOL, S,Y, 0,1.0  
!*  
PLESOL, S,X, 0,1.0  
!*  
PLESOL, S,3, 0,1.0  
!*  
PLESOL, S,XY, 0,1.0 
!*  
PLESOL, S,YZ, 0,1.0 
!*  
PLESOL, S,XZ, 0,1.0 
!*  
PLESOL, S,X, 0,1.0  
!*  
PLESOL, S,Y, 0,1.0  
FINISH  
/BATCH  
/COM,ANSYS RELEASE 2023 R2           BUILD 23.2      UP20230531       01:55:29
RESUME,'EyeBoltFirst','db','.'  
/COM,ANSYS RELEASE 2023 R2           BUILD 23.2      UP20230531       01:55:30
/VIEW,1,,,1 
/ANG,1  
/REP,FAST   
!*  
/PSF,PRES,NORM,3,0,1
/PBF,DEFA, ,1   
/PSYMB,CS,0 
/PSYMB,NDIR,0   
/PSYMB,ESYS,0   
/PSYMB,LDIV,0   
/PSYMB,LDIR,0   
/PSYMB,ADIR,0   
/PSYMB,ECON,0   
/PSYMB,XNODE,0  
/PSYMB,DOT,1
/PSYMB,PCONV,   
/PSYMB,LAYR,0   
/PSYMB,FBCS,0   
!*  
/PBC,ALL, ,1
/REP
!*  
/SOLU   
/STATUS,SOLU
SOLVE   
FINISH  
/POST1  
SET,FIRST   
PLDISP,0
!*  
/PSF,DEFA, ,1,0,1   
/PBF,DEFA, ,1   
/PSYMB,CS,0 
/PSYMB,NDIR,0   
/PSYMB,ESYS,0   
/PSYMB,LDIV,0   
/PSYMB,LDIR,0   
/PSYMB,ADIR,0   
/PSYMB,ECON,0   
/PSYMB,XNODE,0  
/PSYMB,DOT,1
/PSYMB,PCONV,   
/PSYMB,LAYR,0   
/PSYMB,FBCS,0   
!*  
/PBC,ALL, ,1
/REP
!*  
!*  
/PSF,PRES,NORM,3,0,1
/PBF,DEFA, ,1   
/PSYMB,CS,0 
/PSYMB,NDIR,0   
/PSYMB,ESYS,0   
/PSYMB,LDIV,0   
/PSYMB,LDIR,0   
/PSYMB,ADIR,0   
/PSYMB,ECON,0   
/PSYMB,XNODE,0  
/PSYMB,DOT,1
/PSYMB,PCONV,   
/PSYMB,LAYR,0   
/PSYMB,FBCS,0   
!*  
/PBC,ALL, ,1
/REP
!*  
/UI,COPY,SAVE,PNG,GRAPH,COLOR,NORM,PORTRAIT,YES 
!*  
/EFACET,1   
PLNSOL, U,SUM, 0,1.0
!*  
/PSF,PRES,NORM,3,0,1
/PBF,DEFA, ,1   
/PSYMB,CS,0 
/PSYMB,NDIR,0   
/PSYMB,ESYS,0   
/PSYMB,LDIV,0   
/PSYMB,LDIR,0   
/PSYMB,ADIR,0   
/PSYMB,ECON,0   
/PSYMB,XNODE,0  
/PSYMB,DOT,1
/PSYMB,PCONV,   
/PSYMB,LAYR,0   
/PSYMB,FBCS,0   
!*  
/PBC,ALL, ,0
/REP
!*  
/FOC,1,,-0.3,,1 
/REP,FAST   
/UI,COPY,SAVE,PNG,GRAPH,COLOR,NORM,PORTRAIT,YES 
!*  
PLESOL, S,X, 0,1.0  
/UI,COPY,SAVE,PNG,GRAPH,COLOR,NORM,PORTRAIT,YES 
!*  
PLESOL, S,Y, 0,1.0  
/UI,COPY,SAVE,PNG,GRAPH,COLOR,NORM,PORTRAIT,YES 
!*  
PLESOL, EPEL,X, 0,1.0   
/UI,COPY,SAVE,PNG,GRAPH,COLOR,NORM,PORTRAIT,YES 
!*  
PLESOL, EPEL,Y, 0,1.0   
/UI,COPY,SAVE,PNG,GRAPH,COLOR,NORM,PORTRAIT,YES 
FINISH  
/PREP7  
LPLOT   
/VIEW,1,,,-1
/ANG,1  
/REP,FAST   
/VIEW,1,1,1,1   
/ANG,1  
/REP,FAST   
/VIEW,1,1,2,3   
/ANG,1  
/REP,FAST   
/VIEW,1,,-1 
/ANG,1  
/REP,FAST   
/VIEW,1,,,-1
/ANG,1  
/REP,FAST   
/VIEW,1,,1  
/ANG,1  
/REP,FAST   
/VIEW,1,1   
/ANG,1  
/REP,FAST   
/VIEW,1,,-1 
/ANG,1  
/REP,FAST   
/VIEW,1,-1  
/ANG,1  
/REP,FAST   
/VIEW,1,,1  
/ANG,1  
/REP,FAST   
/VIEW,1,1   
/ANG,1  
/REP,FAST   
/VIEW,1,,,1 
/ANG,1  
/REP,FAST   
/VIEW,1,,,1 
/ANG,1  
/REP,FAST   
/VIEW,1,,,1 
/ANG,1  
/REP,FAST   
/VIEW,1,,,1 
/ANG,1  
/REP,FAST   
/VIEW,1,,,1 
/ANG,1  
/REP,FAST   
/VIEW,1,,,-1
/ANG,1  
/REP,FAST   
/FOC,   1, -0.156508748096    , -0.398205352771    , -0.620355366742E-01
/REPLO  
/VIEW,  1, -0.988410375635    , -0.155766808093E-01, -0.151004292493
/ANG,   1,  -2.47368061376  
/REPLO  
/VIEW,  1, -0.104854717550    , -0.604537149017    ,  0.789645695021
/ANG,   1,  -12.9797210400  
/REPLO  
/VIEW,  1, -0.666460874780    , -0.225808660542    ,  0.710521182803
/ANG,   1,  0.786195946889  
/REPLO  
/VIEW,  1, -0.989310716220    ,  0.137253662532    ,  0.492517907622E-01
/ANG,   1,   4.09970094868  
/REPLO  
/VIEW,  1, -0.791224838574    ,  0.168609208916    , -0.587821562630
/ANG,   1,  -2.46743445015  
/REPLO  
/VIEW,  1, -0.512260445398    ,  0.176214946186    , -0.840557867622
/ANG,   1,  -6.37101228543  
/REPLO  
/VIEW,  1, -0.978832215708    ,  0.186481248155    ,  0.843340831379E-01
/ANG,   1,   5.66599111440  
/REPLO  
/VIEW,  1, -0.770887263831    ,  0.356048006250    , -0.528169143086
/ANG,   1,  -6.28078842579  
/REPLO  
/VIEW,  1, -0.653637503507    ,  0.142012524803    ,  0.743364282709
/ANG,   1,   16.6395297224  
/REPLO  
/VIEW,  1, -0.162903093966    , -0.764227640902    ,  0.624034209686
/ANG,   1,   12.0549770124  
/REPLO  
/VIEW,  1, -0.353350359644    , -0.809248132713    ,  0.469319702378
/ANG,   1,   29.2424875839  
/REPLO  
/DIST, 1 ,0.924021,1
/REP,FAST   
/DIST, 1 ,0.924021,1
/REP,FAST   
/DIST, 1 ,0.924021,1
/REP,FAST   
/DIST, 1 ,0.924021,1
/REP,FAST   
/DIST, 1 ,0.924021,1
/REP,FAST   
/DIST, 1 ,0.924021,1
/REP,FAST   
/DIST, 1 ,0.924021,1
/REP,FAST   
/DIST, 1 ,0.924021,1
/REP,FAST   
/VIEW,  1, -0.541276333926    , -0.698341308711    ,  0.468336787877
/ANG,   1,   38.5987499093  
/REPLO  
/VIEW,  1, -0.542619195427    , -0.627064632713    ,  0.558886710483
/ANG,   1,   35.2642320873  
/REPLO  
/VIEW,  1, -0.618109470541    , -0.705563761775    ,  0.346583987654
/ANG,   1,   46.6037315781  
/REPLO  
FLST,2,4,5,ORDE,4   
FITEM,2,11  
FITEM,2,-12 
FITEM,2,32  
FITEM,2,-33 
SFADELE,P51X,1,PRES 
/VIEW,  1, -0.412811324019    , -0.724721010753    ,  0.551693997914
/ANG,   1,   29.0350647733  
/REPLO  
/VIEW,1,,,1 
/ANG,1  
/REP,FAST   
/DIST, 1 ,1.082226,1
/REP,FAST   
/DIST, 1 ,1.082226,1
/REP,FAST   
/DIST, 1 ,1.082226,1
/REP,FAST   
/DIST, 1 ,1.082226,1
/REP,FAST   
/DIST, 1 ,1.082226,1
/REP,FAST   
/DIST, 1 ,1.082226,1
/REP,FAST   
/DIST, 1 ,1.082226,1
/REP,FAST   
/DIST, 1 ,0.924021,1
/REP,FAST   
/DIST, 1 ,0.924021,1
/REP,FAST   
/VIEW,  1, -0.714377511051    , -0.113579462887E-01,  0.699668327682
/ANG,   1,   1.36385886479  
/REPLO  
/VIEW,  1, -0.291879940056    , -0.585732904622    ,  0.756123710140
/ANG,   1,  -5.19949714008  
/REPLO  
/VIEW,  1, -0.519970944158    , -0.423001253565    ,  0.742091744135
/ANG,   1,   2.01858457733  
/REPLO  
/VIEW,  1, -0.896842842977    , -0.127885513718    ,  0.423459809642
/ANG,   1,   10.2676304298  
/REPLO  
/VIEW,  1, -0.772253255929    ,  0.633988057313    ,  0.410372013137E-01
/ANG,   1,   5.82717302533  
/REPLO  
/VIEW,  1, -0.537972178231    ,  0.838681212633    , -0.848513937733E-01
/ANG,   1,  -3.39262418245  
/REPLO  
/VIEW,  1, -0.398827389615    ,  0.119903225157    , -0.909153413836
/ANG,   1,  -40.1773399665  
/REPLO  
FLST,2,4,5,ORDE,4   
FITEM,2,12  
FITEM,2,-13 
FITEM,2,31  
FITEM,2,-32 
/GO 
!*  
SFA,P51X,1,PRES,250 
/VIEW,1,1   
/ANG,1  
/REP,FAST   
/VIEW,1,,,1 
/ANG,1  
/REP,FAST   
/DIST, 1 ,1.082226,1
/REP,FAST   
/DIST, 1 ,1.082226,1
/REP,FAST   
/VIEW,  1, -0.302789110989E-01, -0.135036020851E-01,  0.999450269035
/ANG,   1, -0.756797643539  
/REPLO  
/VIEW,1,,,1 
/ANG,1  
/REP,FAST   
/FOC,   1, -0.128259414958E-01, -0.366000585774    , -0.620355366742E-01
/REPLO  
FINISH  
/SOL
/STATUS,SOLU
SOLVE   
FINISH  
/POST1  
SET,FIRST   
PLDISP,0
/VIEW,1,,,1 
/ANG,1  
/REP,FAST   
/UI,COPY,SAVE,PNG,GRAPH,COLOR,NORM,PORTRAIT,YES 
!*  
/EFACET,1   
PLNSOL, U,SUM, 0,1.0
/UI,COPY,SAVE,PNG,GRAPH,COLOR,NORM,PORTRAIT,YES 
!*  
PLESOL, S,X, 0,1.0  
/UI,COPY,SAVE,PNG,GRAPH,COLOR,NORM,PORTRAIT,YES 
!*  
PLESOL, S,Y, 0,1.0  
/UI,COPY,SAVE,PNG,GRAPH,COLOR,NORM,PORTRAIT,YES 
!*  
PLESOL, EPEL,X, 0,1.0   
/UI,COPY,SAVE,PNG,GRAPH,COLOR,NORM,PORTRAIT,YES 
!*  
PLESOL, EPEL,Y, 0,1.0   
/UI,COPY,SAVE,PNG,GRAPH,COLOR,NORM,PORTRAIT,YES 
LPLOT   
FINISH  
/SOL
/VIEW,  1, -0.104071531800    , -0.598795393211    ,  0.794111574867
/ANG,   1,   2.53281122258  
/REPLO  
/VIEW,  1,  0.839380290838E-01, -0.140981162854    ,  0.986447524704
/ANG,   1,  -3.29392549506  
/REPLO  
!*  
/PSF,PRES,NORM,1,0,1
/PBF,DEFA, ,1   
/PSYMB,CS,0 
/PSYMB,NDIR,0   
/PSYMB,ESYS,0   
/PSYMB,LDIV,0   
/PSYMB,LDIR,0   
/PSYMB,ADIR,0   
/PSYMB,ECON,0   
/PSYMB,XNODE,0  
/PSYMB,DOT,1
/PSYMB,PCONV,   
/PSYMB,LAYR,0   
/PSYMB,FBCS,0   
!*  
/PBC,ALL, ,0
/REP
!*  
/VIEW,  1,  0.647696344093    , -0.581328743457E-01,  0.759677572901
/ANG,   1,  -7.58733700323  
/REPLO  
/VIEW,  1,  0.268706697126E-01, -0.220536108597    ,  0.975008611200
/ANG,   1,  -3.75473544259  
/REPLO  
/VIEW,  1, -0.114038320571    , -0.290596273880    , -0.950025824411
/ANG,   1,   23.2746760500  
/REPLO  
/VIEW,  1, -0.348169024926    , -0.277765491566    , -0.895334943905
/ANG,   1,   19.0930904551  
/REPLO  
/VIEW,  1, -0.972264518239    , -0.228483926858    ,  0.499680071674E-01
/ANG,   1,  -1.39291938002  
/REPLO  
/VIEW,  1, -0.708098388561    ,  0.606920099160    ,  0.360894257855
/ANG,   1,  -14.2792079554  
/REPLO  
FLST,2,4,5,ORDE,4   
FITEM,2,12  
FITEM,2,-13 
FITEM,2,31  
FITEM,2,-32 
SFADELE,P51X,1,PRES 
/VIEW,  1, -0.225787981931E-01, -0.115754989654E-01,  0.999678051022
/ANG,   1,   1.14739640594  
/REPLO  
/VIEW,  1, -0.181188592596    ,  0.101104170177    ,  0.978237517521
/ANG,   1,  0.735753562930  
/REPLO  
/VIEW,  1, -0.415256945983    ,  0.323020516975    ,  0.850423079664
/ANG,   1,  -2.46514293069  
/REPLO  
/VIEW,  1, -0.483350674763    ,  0.289331608293    ,  0.826232016838
/ANG,   1,  -3.80054037654  
/REPLO  
/VIEW,  1, -0.512447786163    , -0.246149336260    ,  0.822683274848
/ANG,   1,  -3.64136415233  
/REPLO  
/VIEW,  1, -0.848393351595    ,  0.319071755508    ,  0.422400208104
/ANG,   1,   4.51758630912  
/REPLO  
/VIEW,  1, -0.840414738730    ,  0.445757097432    ,  0.308226664997
/ANG,   1,   2.20810905734  
/REPLO  
/VIEW,  1, -0.748424854490    ,  0.623014713957    ,  0.227404712736
/ANG,   1,  0.286760635147  
/REPLO  
/VIEW,  1, -0.516718639637    , -0.907116684181E-01,  0.851336150216
/ANG,   1,   9.91133162634  
/REPLO  
/VIEW,  1, -0.103049051183    ,  0.431360995304E-01,  0.993740494278
/ANG,   1,   1.86940668901  
/REPLO  
FLST,2,4,5,ORDE,4   
FITEM,2,13  
FITEM,2,-14 
FITEM,2,29  
FITEM,2,31  
/GO 
!*  
SFA,P51X,1,PRES,250 
/STATUS,SOLU
SOLVE   
FINISH  
/POST1  
SET,FIRST   
PLDISP,0
/VIEW,1,,,1 
/ANG,1  
/REP,FAST   
/UI,COPY,SAVE,PNG,GRAPH,COLOR,NORM,PORTRAIT,YES 
!*  
/EFACET,1   
PLNSOL, U,SUM, 0,1.0
/UI,COPY,SAVE,PNG,GRAPH,COLOR,NORM,PORTRAIT,YES 
!*  
PLESOL, S,X, 0,1.0  
/UI,COPY,SAVE,PNG,GRAPH,COLOR,NORM,PORTRAIT,YES 
!*  
PLESOL, S,Y, 0,1.0  
/UI,COPY,SAVE,PNG,GRAPH,COLOR,NORM,PORTRAIT,YES 
!*  
PLESOL, EPEL,X, 0,1.0   
/UI,COPY,SAVE,PNG,GRAPH,COLOR,NORM,PORTRAIT,YES 
!*  
PLESOL, EPEL,Y, 0,1.0   
/UI,COPY,SAVE,PNG,GRAPH,COLOR,NORM,PORTRAIT,YES 
FINISH  
/SOL
LPLOT   
!*  
/PSF,PRES,NORM,1,0,1
/PBF,DEFA, ,1   
/PSYMB,CS,0 
/PSYMB,NDIR,0   
/PSYMB,ESYS,0   
/PSYMB,LDIV,0   
/PSYMB,LDIR,0   
/PSYMB,ADIR,0   
/PSYMB,ECON,0   
/PSYMB,XNODE,0  
/PSYMB,DOT,1
/PSYMB,PCONV,   
/PSYMB,LAYR,0   
/PSYMB,FBCS,0   
!*  
/PBC,ALL, ,0
/REP
!*  
/VIEW,  1, -0.188399062649    ,  0.317363832348    ,  0.929400877507
/ANG,   1,  -1.63670153817  
/REPLO  
/VIEW,  1, -0.828552096285    ,  0.552474260856    ,  0.909594131054E-01
/ANG,   1,  -32.7550795544  
/REPLO  
FLST,2,4,5,ORDE,4   
FITEM,2,13  
FITEM,2,-14 
FITEM,2,29  
FITEM,2,31  
SFADELE,P51X,1,PRES 
/VIEW,1,,,1 
/ANG,1  
/REP,FAST   
/VIEW,  1, -0.248587057132    ,  0.386807280209    ,  0.888022861758
/ANG,   1,  -3.62757810728  
/REPLO  
/VIEW,  1, -0.444473739040    ,  0.436360600361    ,  0.782325074222
/ANG,   1,  -9.13856154936  
/REPLO  
/VIEW,  1,  0.640494881586E-01,  0.170440339020E-01,  0.997801164549
/ANG,   1,  -1.22765692175  
/REPLO  
/VIEW,1,,,1 
/ANG,1  
/REP,FAST   
FLST,2,4,5,ORDE,4   
FITEM,2,14  
FITEM,2,-15 
FITEM,2,28  
FITEM,2,-29 
/GO 
!*  
SFA,P51X,1,PRES,250 
/STATUS,SOLU
SOLVE   
FINISH  
/POST1  
PLDISP,0
/UI,COPY,SAVE,PNG,GRAPH,COLOR,NORM,PORTRAIT,YES 
!*  
/EFACET,1   
PLNSOL, U,SUM, 0,1.0
/UI,COPY,SAVE,PNG,GRAPH,COLOR,NORM,PORTRAIT,YES 
!*  
PLESOL, S,X, 0,1.0  
/UI,COPY,SAVE,PNG,GRAPH,COLOR,NORM,PORTRAIT,YES 
!*  
PLESOL, S,Y, 0,1.0  
/UI,COPY,SAVE,PNG,GRAPH,COLOR,NORM,PORTRAIT,YES 
!*  
PLESOL, EPEL,X, 0,1.0   
!*  
PLESOL, S,Y, 0,1.0  
/UI,COPY,SAVE,PNG,GRAPH,COLOR,NORM,PORTRAIT,YES 
!*  
PLESOL, EPEL,X, 0,1.0   
/UI,COPY,SAVE,PNG,GRAPH,COLOR,NORM,PORTRAIT,YES 
!*  
PLESOL, EPEL,Y, 0,1.0   
/UI,COPY,SAVE,PNG,GRAPH,COLOR,NORM,PORTRAIT,YES 
FINISH  
! /EXIT,NOSAV   
